2006.06.03 18:26 B E:\pages\mahikari\include\PHP\FPDF\tutorial\tuto7.php --> ftp.acheiweb.com.br /www/mahikarioblacao/include/PHP/FPDF/tutorial tuto7.php
2006.06.03 18:26 B E:\pages\mahikari\include\PHP\FPDF\tutorial\tuto7.htm --> ftp.acheiweb.com.br /www/mahikarioblacao/include/PHP/FPDF/tutorial tuto7.htm
2006.06.03 18:26 B E:\pages\mahikari\include\PHP\FPDF\tutorial\index.htm --> ftp.acheiweb.com.br /www/mahikarioblacao/include/PHP/FPDF/tutorial index.htm
2006.06.03 18:26 B E:\pages\mahikari\include\PHP\FPDF\tutorial\tuto6.php --> ftp.acheiweb.com.br /www/mahikarioblacao/include/PHP/FPDF/tutorial tuto6.php
2006.06.03 18:27 B E:\pages\mahikari\include\PHP\FPDF\tutorial\tuto6.htm --> ftp.acheiweb.com.br /www/mahikarioblacao/include/PHP/FPDF/tutorial tuto6.htm
2006.06.03 18:27 B E:\pages\mahikari\include\PHP\FPDF\tutorial\tuto5.php --> ftp.acheiweb.com.br /www/mahikarioblacao/include/PHP/FPDF/tutorial tuto5.php
2006.06.03 18:27 B E:\pages\mahikari\include\PHP\FPDF\tutorial\tuto5.htm --> ftp.acheiweb.com.br /www/mahikarioblacao/include/PHP/FPDF/tutorial tuto5.htm
2006.06.03 18:27 B E:\pages\mahikari\include\PHP\FPDF\tutorial\tuto4.php --> ftp.acheiweb.com.br /www/mahikarioblacao/include/PHP/FPDF/tutorial tuto4.php
2006.06.03 18:27 B E:\pages\mahikari\include\PHP\FPDF\tutorial\tuto4.htm --> ftp.acheiweb.com.br /www/mahikarioblacao/include/PHP/FPDF/tutorial tuto4.htm
2006.06.03 18:27 B E:\pages\mahikari\include\PHP\FPDF\tutorial\tuto3.php --> ftp.acheiweb.com.br /www/mahikarioblacao/include/PHP/FPDF/tutorial tuto3.php
2006.06.03 18:27 B E:\pages\mahikari\include\PHP\FPDF\tutorial\tuto3.htm --> ftp.acheiweb.com.br /www/mahikarioblacao/include/PHP/FPDF/tutorial tuto3.htm
2006.06.03 18:27 B E:\pages\mahikari\include\PHP\FPDF\tutorial\tuto2.php --> ftp.acheiweb.com.br /www/mahikarioblacao/include/PHP/FPDF/tutorial tuto2.php
2006.06.03 18:27 B E:\pages\mahikari\include\PHP\FPDF\tutorial\tuto2.htm --> ftp.acheiweb.com.br /www/mahikarioblacao/include/PHP/FPDF/tutorial tuto2.htm
2006.06.03 18:27 B E:\pages\mahikari\include\PHP\FPDF\tutorial\tuto1.php --> ftp.acheiweb.com.br /www/mahikarioblacao/include/PHP/FPDF/tutorial tuto1.php
2006.06.03 18:27 B E:\pages\mahikari\include\PHP\FPDF\tutorial\tuto1.htm --> ftp.acheiweb.com.br /www/mahikarioblacao/include/PHP/FPDF/tutorial tuto1.htm
2006.06.03 18:27 B E:\pages\mahikari\include\PHP\FPDF\tutorial\makefont.php --> ftp.acheiweb.com.br /www/mahikarioblacao/include/PHP/FPDF/tutorial makefont.php
2006.06.03 18:27 B E:\pages\mahikari\include\PHP\FPDF\tutorial\calligra.z --> ftp.acheiweb.com.br /www/mahikarioblacao/include/PHP/FPDF/tutorial calligra.z
2006.06.03 18:27 B E:\pages\mahikari\include\PHP\FPDF\tutorial\calligra.php --> ftp.acheiweb.com.br /www/mahikarioblacao/include/PHP/FPDF/tutorial calligra.php
2006.06.03 18:27 B E:\pages\mahikari\include\PHP\FPDF\tutorial\calligra.afm --> ftp.acheiweb.com.br /www/mahikarioblacao/include/PHP/FPDF/tutorial calligra.afm
2006.06.03 18:27 B E:\pages\mahikari\include\PHP\FPDF\tutorial\logo.png --> ftp.acheiweb.com.br /www/mahikarioblacao/include/PHP/FPDF/tutorial logo.png
2006.06.03 18:27 B E:\pages\mahikari\include\PHP\FPDF\tutorial\countries.txt --> ftp.acheiweb.com.br /www/mahikarioblacao/include/PHP/FPDF/tutorial countries.txt
2006.06.03 18:27 B E:\pages\mahikari\include\PHP\FPDF\tutorial\20k_c2.txt --> ftp.acheiweb.com.br /www/mahikarioblacao/include/PHP/FPDF/tutorial 20k_c2.txt
2006.06.03 18:27 B E:\pages\mahikari\include\PHP\FPDF\tutorial\20k_c1.txt --> ftp.acheiweb.com.br /www/mahikarioblacao/include/PHP/FPDF/tutorial 20k_c1.txt
2006.06.03 18:27 B E:\pages\mahikari\include\PHP\FPDF\tutorial\logo_pb.png --> ftp.acheiweb.com.br /www/mahikarioblacao/include/PHP/FPDF/tutorial logo_pb.png
2006.06.03 18:27 B E:\pages\mahikari\include\PHP\FPDF\tutorial\calligra.ttf --> ftp.acheiweb.com.br /www/mahikarioblacao/include/PHP/FPDF/tutorial calligra.ttf
2006.07.04 09:57 B E:\pages\acheiweb\acheiweb\include\PHP\FPDF\tutorial\WS_FTP.LOG --> ftp.acheiweb.com.br /www/acheiweb/include/PHP/FPDF/tutorial WS_FTP.LOG
2006.07.04 09:57 B E:\pages\acheiweb\acheiweb\include\PHP\FPDF\tutorial\tuto7.php --> ftp.acheiweb.com.br /www/acheiweb/include/PHP/FPDF/tutorial tuto7.php
2006.07.04 09:57 B E:\pages\acheiweb\acheiweb\include\PHP\FPDF\tutorial\tuto7.htm --> ftp.acheiweb.com.br /www/acheiweb/include/PHP/FPDF/tutorial tuto7.htm
2006.07.04 09:57 B E:\pages\acheiweb\acheiweb\include\PHP\FPDF\tutorial\index.htm --> ftp.acheiweb.com.br /www/acheiweb/include/PHP/FPDF/tutorial index.htm
2006.07.04 09:57 B E:\pages\acheiweb\acheiweb\include\PHP\FPDF\tutorial\tuto6.php --> ftp.acheiweb.com.br /www/acheiweb/include/PHP/FPDF/tutorial tuto6.php
2006.07.04 09:57 B E:\pages\acheiweb\acheiweb\include\PHP\FPDF\tutorial\tuto6.htm --> ftp.acheiweb.com.br /www/acheiweb/include/PHP/FPDF/tutorial tuto6.htm
2006.07.04 09:57 B E:\pages\acheiweb\acheiweb\include\PHP\FPDF\tutorial\tuto5.php --> ftp.acheiweb.com.br /www/acheiweb/include/PHP/FPDF/tutorial tuto5.php
2006.07.04 09:57 B E:\pages\acheiweb\acheiweb\include\PHP\FPDF\tutorial\tuto5.htm --> ftp.acheiweb.com.br /www/acheiweb/include/PHP/FPDF/tutorial tuto5.htm
2006.07.04 09:57 B E:\pages\acheiweb\acheiweb\include\PHP\FPDF\tutorial\tuto4.php --> ftp.acheiweb.com.br /www/acheiweb/include/PHP/FPDF/tutorial tuto4.php
2006.07.04 09:57 B E:\pages\acheiweb\acheiweb\include\PHP\FPDF\tutorial\tuto4.htm --> ftp.acheiweb.com.br /www/acheiweb/include/PHP/FPDF/tutorial tuto4.htm
2006.07.04 09:57 B E:\pages\acheiweb\acheiweb\include\PHP\FPDF\tutorial\tuto3.php --> ftp.acheiweb.com.br /www/acheiweb/include/PHP/FPDF/tutorial tuto3.php
2006.07.04 09:57 B E:\pages\acheiweb\acheiweb\include\PHP\FPDF\tutorial\tuto3.htm --> ftp.acheiweb.com.br /www/acheiweb/include/PHP/FPDF/tutorial tuto3.htm
2006.07.04 09:57 B E:\pages\acheiweb\acheiweb\include\PHP\FPDF\tutorial\tuto2.php --> ftp.acheiweb.com.br /www/acheiweb/include/PHP/FPDF/tutorial tuto2.php
2006.07.04 09:57 B E:\pages\acheiweb\acheiweb\include\PHP\FPDF\tutorial\tuto2.htm --> ftp.acheiweb.com.br /www/acheiweb/include/PHP/FPDF/tutorial tuto2.htm
2006.07.04 09:57 B E:\pages\acheiweb\acheiweb\include\PHP\FPDF\tutorial\tuto1.php --> ftp.acheiweb.com.br /www/acheiweb/include/PHP/FPDF/tutorial tuto1.php
2006.07.04 09:57 B E:\pages\acheiweb\acheiweb\include\PHP\FPDF\tutorial\tuto1.htm --> ftp.acheiweb.com.br /www/acheiweb/include/PHP/FPDF/tutorial tuto1.htm
2006.07.04 09:57 B E:\pages\acheiweb\acheiweb\include\PHP\FPDF\tutorial\makefont.php --> ftp.acheiweb.com.br /www/acheiweb/include/PHP/FPDF/tutorial makefont.php
2006.07.04 09:57 B E:\pages\acheiweb\acheiweb\include\PHP\FPDF\tutorial\calligra.z --> ftp.acheiweb.com.br /www/acheiweb/include/PHP/FPDF/tutorial calligra.z
2006.07.04 09:57 B E:\pages\acheiweb\acheiweb\include\PHP\FPDF\tutorial\calligra.php --> ftp.acheiweb.com.br /www/acheiweb/include/PHP/FPDF/tutorial calligra.php
2006.07.04 09:57 B E:\pages\acheiweb\acheiweb\include\PHP\FPDF\tutorial\calligra.afm --> ftp.acheiweb.com.br /www/acheiweb/include/PHP/FPDF/tutorial calligra.afm
2006.07.04 09:57 B E:\pages\acheiweb\acheiweb\include\PHP\FPDF\tutorial\logo.png --> ftp.acheiweb.com.br /www/acheiweb/include/PHP/FPDF/tutorial logo.png
2006.07.04 09:57 B E:\pages\acheiweb\acheiweb\include\PHP\FPDF\tutorial\countries.txt --> ftp.acheiweb.com.br /www/acheiweb/include/PHP/FPDF/tutorial countries.txt
2006.07.04 09:57 B E:\pages\acheiweb\acheiweb\include\PHP\FPDF\tutorial\20k_c2.txt --> ftp.acheiweb.com.br /www/acheiweb/include/PHP/FPDF/tutorial 20k_c2.txt
2006.07.04 09:57 B E:\pages\acheiweb\acheiweb\include\PHP\FPDF\tutorial\20k_c1.txt --> ftp.acheiweb.com.br /www/acheiweb/include/PHP/FPDF/tutorial 20k_c1.txt
2006.07.04 09:57 B E:\pages\acheiweb\acheiweb\include\PHP\FPDF\tutorial\logo_pb.png --> ftp.acheiweb.com.br /www/acheiweb/include/PHP/FPDF/tutorial logo_pb.png
2006.07.04 09:57 B E:\pages\acheiweb\acheiweb\include\PHP\FPDF\tutorial\calligra.ttf --> ftp.acheiweb.com.br /www/acheiweb/include/PHP/FPDF/tutorial calligra.ttf
2006.10.23 00:19 B E:\pages\acheiweb\garotinho\administracao\include\PHP\FPDF\tutorial\20k_c1.txt --> ftp.acheiweb.com.br /www/garotinho/administracao/include/PHP/FPDF/tutorial 20k_c1.txt
2006.10.23 00:19 B E:\pages\acheiweb\garotinho\administracao\include\PHP\FPDF\tutorial\20k_c2.txt --> ftp.acheiweb.com.br /www/garotinho/administracao/include/PHP/FPDF/tutorial 20k_c2.txt
2006.10.23 00:19 B E:\pages\acheiweb\garotinho\administracao\include\PHP\FPDF\tutorial\calligra.afm --> ftp.acheiweb.com.br /www/garotinho/administracao/include/PHP/FPDF/tutorial calligra.afm
2006.10.23 00:19 B E:\pages\acheiweb\garotinho\administracao\include\PHP\FPDF\tutorial\calligra.php --> ftp.acheiweb.com.br /www/garotinho/administracao/include/PHP/FPDF/tutorial calligra.php
2006.10.23 00:19 B E:\pages\acheiweb\garotinho\administracao\include\PHP\FPDF\tutorial\calligra.ttf --> ftp.acheiweb.com.br /www/garotinho/administracao/include/PHP/FPDF/tutorial calligra.ttf
2006.10.23 00:19 B E:\pages\acheiweb\garotinho\administracao\include\PHP\FPDF\tutorial\calligra.z --> ftp.acheiweb.com.br /www/garotinho/administracao/include/PHP/FPDF/tutorial calligra.z
2006.10.23 00:19 B E:\pages\acheiweb\garotinho\administracao\include\PHP\FPDF\tutorial\countries.txt --> ftp.acheiweb.com.br /www/garotinho/administracao/include/PHP/FPDF/tutorial countries.txt
2006.10.23 00:19 B E:\pages\acheiweb\garotinho\administracao\include\PHP\FPDF\tutorial\index.htm --> ftp.acheiweb.com.br /www/garotinho/administracao/include/PHP/FPDF/tutorial index.htm
2006.10.23 00:19 B E:\pages\acheiweb\garotinho\administracao\include\PHP\FPDF\tutorial\logo.png --> ftp.acheiweb.com.br /www/garotinho/administracao/include/PHP/FPDF/tutorial logo.png
2006.10.23 00:19 B E:\pages\acheiweb\garotinho\administracao\include\PHP\FPDF\tutorial\logo_pb.png --> ftp.acheiweb.com.br /www/garotinho/administracao/include/PHP/FPDF/tutorial logo_pb.png
2006.10.23 00:19 B E:\pages\acheiweb\garotinho\administracao\include\PHP\FPDF\tutorial\makefont.php --> ftp.acheiweb.com.br /www/garotinho/administracao/include/PHP/FPDF/tutorial makefont.php
2006.10.23 00:19 B E:\pages\acheiweb\garotinho\administracao\include\PHP\FPDF\tutorial\tuto1.htm --> ftp.acheiweb.com.br /www/garotinho/administracao/include/PHP/FPDF/tutorial tuto1.htm
2006.10.23 00:19 B E:\pages\acheiweb\garotinho\administracao\include\PHP\FPDF\tutorial\tuto1.php --> ftp.acheiweb.com.br /www/garotinho/administracao/include/PHP/FPDF/tutorial tuto1.php
2006.10.23 00:19 B E:\pages\acheiweb\garotinho\administracao\include\PHP\FPDF\tutorial\tuto2.htm --> ftp.acheiweb.com.br /www/garotinho/administracao/include/PHP/FPDF/tutorial tuto2.htm
2006.10.23 00:19 B E:\pages\acheiweb\garotinho\administracao\include\PHP\FPDF\tutorial\tuto2.php --> ftp.acheiweb.com.br /www/garotinho/administracao/include/PHP/FPDF/tutorial tuto2.php
2006.10.23 00:19 B E:\pages\acheiweb\garotinho\administracao\include\PHP\FPDF\tutorial\tuto3.htm --> ftp.acheiweb.com.br /www/garotinho/administracao/include/PHP/FPDF/tutorial tuto3.htm
2006.10.23 00:19 B E:\pages\acheiweb\garotinho\administracao\include\PHP\FPDF\tutorial\tuto3.php --> ftp.acheiweb.com.br /www/garotinho/administracao/include/PHP/FPDF/tutorial tuto3.php
2006.10.23 00:19 B E:\pages\acheiweb\garotinho\administracao\include\PHP\FPDF\tutorial\tuto4.htm --> ftp.acheiweb.com.br /www/garotinho/administracao/include/PHP/FPDF/tutorial tuto4.htm
2006.10.23 00:19 B E:\pages\acheiweb\garotinho\administracao\include\PHP\FPDF\tutorial\tuto4.php --> ftp.acheiweb.com.br /www/garotinho/administracao/include/PHP/FPDF/tutorial tuto4.php
2006.10.23 00:20 B E:\pages\acheiweb\garotinho\administracao\include\PHP\FPDF\tutorial\tuto5.htm --> ftp.acheiweb.com.br /www/garotinho/administracao/include/PHP/FPDF/tutorial tuto5.htm
2006.10.23 00:20 B E:\pages\acheiweb\garotinho\administracao\include\PHP\FPDF\tutorial\tuto5.php --> ftp.acheiweb.com.br /www/garotinho/administracao/include/PHP/FPDF/tutorial tuto5.php
2006.10.23 00:20 B E:\pages\acheiweb\garotinho\administracao\include\PHP\FPDF\tutorial\tuto6.htm --> ftp.acheiweb.com.br /www/garotinho/administracao/include/PHP/FPDF/tutorial tuto6.htm
2006.10.23 00:20 B E:\pages\acheiweb\garotinho\administracao\include\PHP\FPDF\tutorial\tuto6.php --> ftp.acheiweb.com.br /www/garotinho/administracao/include/PHP/FPDF/tutorial tuto6.php
2006.10.23 00:20 B E:\pages\acheiweb\garotinho\administracao\include\PHP\FPDF\tutorial\tuto7.htm --> ftp.acheiweb.com.br /www/garotinho/administracao/include/PHP/FPDF/tutorial tuto7.htm
2006.10.23 00:20 B E:\pages\acheiweb\garotinho\administracao\include\PHP\FPDF\tutorial\tuto7.php --> ftp.acheiweb.com.br /www/garotinho/administracao/include/PHP/FPDF/tutorial tuto7.php
2006.10.23 00:20 B E:\pages\acheiweb\garotinho\administracao\include\PHP\FPDF\tutorial\WS_FTP.LOG --> ftp.acheiweb.com.br /www/garotinho/administracao/include/PHP/FPDF/tutorial WS_FTP.LOG
2006.10.30 23:39 B E:\pages\acheiweb\mangiare\administracao\include\PHP\FPDF\tutorial\20k_c1.txt --> ftp.acheiweb.com.br /www/mangiare/administracao/include/PHP/FPDF/tutorial 20k_c1.txt
2006.10.30 23:39 B E:\pages\acheiweb\mangiare\administracao\include\PHP\FPDF\tutorial\20k_c2.txt --> ftp.acheiweb.com.br /www/mangiare/administracao/include/PHP/FPDF/tutorial 20k_c2.txt
2006.10.30 23:39 B E:\pages\acheiweb\mangiare\administracao\include\PHP\FPDF\tutorial\calligra.afm --> ftp.acheiweb.com.br /www/mangiare/administracao/include/PHP/FPDF/tutorial calligra.afm
2006.10.30 23:39 B E:\pages\acheiweb\mangiare\administracao\include\PHP\FPDF\tutorial\calligra.php --> ftp.acheiweb.com.br /www/mangiare/administracao/include/PHP/FPDF/tutorial calligra.php
2006.10.30 23:39 B E:\pages\acheiweb\mangiare\administracao\include\PHP\FPDF\tutorial\calligra.ttf --> ftp.acheiweb.com.br /www/mangiare/administracao/include/PHP/FPDF/tutorial calligra.ttf
2006.10.30 23:39 B E:\pages\acheiweb\mangiare\administracao\include\PHP\FPDF\tutorial\calligra.z --> ftp.acheiweb.com.br /www/mangiare/administracao/include/PHP/FPDF/tutorial calligra.z
2006.10.30 23:39 B E:\pages\acheiweb\mangiare\administracao\include\PHP\FPDF\tutorial\countries.txt --> ftp.acheiweb.com.br /www/mangiare/administracao/include/PHP/FPDF/tutorial countries.txt
2006.10.30 23:39 B E:\pages\acheiweb\mangiare\administracao\include\PHP\FPDF\tutorial\index.htm --> ftp.acheiweb.com.br /www/mangiare/administracao/include/PHP/FPDF/tutorial index.htm
2006.10.30 23:39 B E:\pages\acheiweb\mangiare\administracao\include\PHP\FPDF\tutorial\logo.png --> ftp.acheiweb.com.br /www/mangiare/administracao/include/PHP/FPDF/tutorial logo.png
2006.10.30 23:39 B E:\pages\acheiweb\mangiare\administracao\include\PHP\FPDF\tutorial\logo_pb.png --> ftp.acheiweb.com.br /www/mangiare/administracao/include/PHP/FPDF/tutorial logo_pb.png
2006.10.30 23:39 B E:\pages\acheiweb\mangiare\administracao\include\PHP\FPDF\tutorial\makefont.php --> ftp.acheiweb.com.br /www/mangiare/administracao/include/PHP/FPDF/tutorial makefont.php
2006.10.30 23:39 B E:\pages\acheiweb\mangiare\administracao\include\PHP\FPDF\tutorial\tuto1.htm --> ftp.acheiweb.com.br /www/mangiare/administracao/include/PHP/FPDF/tutorial tuto1.htm
2006.10.30 23:39 B E:\pages\acheiweb\mangiare\administracao\include\PHP\FPDF\tutorial\tuto1.php --> ftp.acheiweb.com.br /www/mangiare/administracao/include/PHP/FPDF/tutorial tuto1.php
2006.10.30 23:39 B E:\pages\acheiweb\mangiare\administracao\include\PHP\FPDF\tutorial\tuto2.htm --> ftp.acheiweb.com.br /www/mangiare/administracao/include/PHP/FPDF/tutorial tuto2.htm
2006.10.30 23:39 B E:\pages\acheiweb\mangiare\administracao\include\PHP\FPDF\tutorial\tuto2.php --> ftp.acheiweb.com.br /www/mangiare/administracao/include/PHP/FPDF/tutorial tuto2.php
2006.10.30 23:39 B E:\pages\acheiweb\mangiare\administracao\include\PHP\FPDF\tutorial\tuto3.htm --> ftp.acheiweb.com.br /www/mangiare/administracao/include/PHP/FPDF/tutorial tuto3.htm
2006.10.30 23:39 B E:\pages\acheiweb\mangiare\administracao\include\PHP\FPDF\tutorial\tuto3.php --> ftp.acheiweb.com.br /www/mangiare/administracao/include/PHP/FPDF/tutorial tuto3.php
2006.10.30 23:40 B E:\pages\acheiweb\mangiare\administracao\include\PHP\FPDF\tutorial\tuto4.htm --> ftp.acheiweb.com.br /www/mangiare/administracao/include/PHP/FPDF/tutorial tuto4.htm
2006.10.30 23:40 B E:\pages\acheiweb\mangiare\administracao\include\PHP\FPDF\tutorial\tuto4.php --> ftp.acheiweb.com.br /www/mangiare/administracao/include/PHP/FPDF/tutorial tuto4.php
2006.10.30 23:40 B E:\pages\acheiweb\mangiare\administracao\include\PHP\FPDF\tutorial\tuto5.htm --> ftp.acheiweb.com.br /www/mangiare/administracao/include/PHP/FPDF/tutorial tuto5.htm
2006.10.30 23:40 B E:\pages\acheiweb\mangiare\administracao\include\PHP\FPDF\tutorial\tuto5.php --> ftp.acheiweb.com.br /www/mangiare/administracao/include/PHP/FPDF/tutorial tuto5.php
2006.10.30 23:40 B E:\pages\acheiweb\mangiare\administracao\include\PHP\FPDF\tutorial\tuto6.htm --> ftp.acheiweb.com.br /www/mangiare/administracao/include/PHP/FPDF/tutorial tuto6.htm
2006.10.30 23:40 B E:\pages\acheiweb\mangiare\administracao\include\PHP\FPDF\tutorial\tuto6.php --> ftp.acheiweb.com.br /www/mangiare/administracao/include/PHP/FPDF/tutorial tuto6.php
2006.10.30 23:40 B E:\pages\acheiweb\mangiare\administracao\include\PHP\FPDF\tutorial\tuto7.htm --> ftp.acheiweb.com.br /www/mangiare/administracao/include/PHP/FPDF/tutorial tuto7.htm
2006.10.30 23:40 B E:\pages\acheiweb\mangiare\administracao\include\PHP\FPDF\tutorial\tuto7.php --> ftp.acheiweb.com.br /www/mangiare/administracao/include/PHP/FPDF/tutorial tuto7.php
2006.10.30 23:40 B E:\pages\acheiweb\mangiare\administracao\include\PHP\FPDF\tutorial\WS_FTP.LOG --> ftp.acheiweb.com.br /www/mangiare/administracao/include/PHP/FPDF/tutorial WS_FTP.LOG
