2006.06.03 18:28 B E:\pages\mahikari\include\PHP\FPDF\doc\sety.htm --> ftp.acheiweb.com.br /www/mahikarioblacao/include/PHP/FPDF/doc sety.htm
2006.06.03 18:28 B E:\pages\mahikari\include\PHP\FPDF\doc\index.htm --> ftp.acheiweb.com.br /www/mahikarioblacao/include/PHP/FPDF/doc index.htm
2006.06.03 18:28 B E:\pages\mahikari\include\PHP\FPDF\doc\addfont.htm --> ftp.acheiweb.com.br /www/mahikarioblacao/include/PHP/FPDF/doc addfont.htm
2006.06.03 18:28 B E:\pages\mahikari\include\PHP\FPDF\doc\write.htm --> ftp.acheiweb.com.br /www/mahikarioblacao/include/PHP/FPDF/doc write.htm
2006.06.03 18:28 B E:\pages\mahikari\include\PHP\FPDF\doc\text.htm --> ftp.acheiweb.com.br /www/mahikarioblacao/include/PHP/FPDF/doc text.htm
2006.06.03 18:28 B E:\pages\mahikari\include\PHP\FPDF\doc\setxy.htm --> ftp.acheiweb.com.br /www/mahikarioblacao/include/PHP/FPDF/doc setxy.htm
2006.06.03 18:28 B E:\pages\mahikari\include\PHP\FPDF\doc\setx.htm --> ftp.acheiweb.com.br /www/mahikarioblacao/include/PHP/FPDF/doc setx.htm
2006.06.03 18:28 B E:\pages\mahikari\include\PHP\FPDF\doc\settopmargin.htm --> ftp.acheiweb.com.br /www/mahikarioblacao/include/PHP/FPDF/doc settopmargin.htm
2006.06.03 18:28 B E:\pages\mahikari\include\PHP\FPDF\doc\settitle.htm --> ftp.acheiweb.com.br /www/mahikarioblacao/include/PHP/FPDF/doc settitle.htm
2006.06.03 18:28 B E:\pages\mahikari\include\PHP\FPDF\doc\settextcolor.htm --> ftp.acheiweb.com.br /www/mahikarioblacao/include/PHP/FPDF/doc settextcolor.htm
2006.06.03 18:28 B E:\pages\mahikari\include\PHP\FPDF\doc\setsubject.htm --> ftp.acheiweb.com.br /www/mahikarioblacao/include/PHP/FPDF/doc setsubject.htm
2006.06.03 18:28 B E:\pages\mahikari\include\PHP\FPDF\doc\setrightmargin.htm --> ftp.acheiweb.com.br /www/mahikarioblacao/include/PHP/FPDF/doc setrightmargin.htm
2006.06.03 18:28 B E:\pages\mahikari\include\PHP\FPDF\doc\setmargins.htm --> ftp.acheiweb.com.br /www/mahikarioblacao/include/PHP/FPDF/doc setmargins.htm
2006.06.03 18:28 B E:\pages\mahikari\include\PHP\FPDF\doc\setlink.htm --> ftp.acheiweb.com.br /www/mahikarioblacao/include/PHP/FPDF/doc setlink.htm
2006.06.03 18:28 B E:\pages\mahikari\include\PHP\FPDF\doc\setlinewidth.htm --> ftp.acheiweb.com.br /www/mahikarioblacao/include/PHP/FPDF/doc setlinewidth.htm
2006.06.03 18:28 B E:\pages\mahikari\include\PHP\FPDF\doc\setleftmargin.htm --> ftp.acheiweb.com.br /www/mahikarioblacao/include/PHP/FPDF/doc setleftmargin.htm
2006.06.03 18:28 B E:\pages\mahikari\include\PHP\FPDF\doc\setkeywords.htm --> ftp.acheiweb.com.br /www/mahikarioblacao/include/PHP/FPDF/doc setkeywords.htm
2006.06.03 18:28 B E:\pages\mahikari\include\PHP\FPDF\doc\setfontsize.htm --> ftp.acheiweb.com.br /www/mahikarioblacao/include/PHP/FPDF/doc setfontsize.htm
2006.06.03 18:28 B E:\pages\mahikari\include\PHP\FPDF\doc\setfont.htm --> ftp.acheiweb.com.br /www/mahikarioblacao/include/PHP/FPDF/doc setfont.htm
2006.06.03 18:28 B E:\pages\mahikari\include\PHP\FPDF\doc\setfillcolor.htm --> ftp.acheiweb.com.br /www/mahikarioblacao/include/PHP/FPDF/doc setfillcolor.htm
2006.06.03 18:28 B E:\pages\mahikari\include\PHP\FPDF\doc\setdrawcolor.htm --> ftp.acheiweb.com.br /www/mahikarioblacao/include/PHP/FPDF/doc setdrawcolor.htm
2006.06.03 18:28 B E:\pages\mahikari\include\PHP\FPDF\doc\setdisplaymode.htm --> ftp.acheiweb.com.br /www/mahikarioblacao/include/PHP/FPDF/doc setdisplaymode.htm
2006.06.03 18:28 B E:\pages\mahikari\include\PHP\FPDF\doc\setcreator.htm --> ftp.acheiweb.com.br /www/mahikarioblacao/include/PHP/FPDF/doc setcreator.htm
2006.06.03 18:28 B E:\pages\mahikari\include\PHP\FPDF\doc\setcompression.htm --> ftp.acheiweb.com.br /www/mahikarioblacao/include/PHP/FPDF/doc setcompression.htm
2006.06.03 18:28 B E:\pages\mahikari\include\PHP\FPDF\doc\setautopagebreak.htm --> ftp.acheiweb.com.br /www/mahikarioblacao/include/PHP/FPDF/doc setautopagebreak.htm
2006.06.03 18:28 B E:\pages\mahikari\include\PHP\FPDF\doc\setauthor.htm --> ftp.acheiweb.com.br /www/mahikarioblacao/include/PHP/FPDF/doc setauthor.htm
2006.06.03 18:28 B E:\pages\mahikari\include\PHP\FPDF\doc\rect.htm --> ftp.acheiweb.com.br /www/mahikarioblacao/include/PHP/FPDF/doc rect.htm
2006.06.03 18:28 B E:\pages\mahikari\include\PHP\FPDF\doc\pageno.htm --> ftp.acheiweb.com.br /www/mahikarioblacao/include/PHP/FPDF/doc pageno.htm
2006.06.03 18:28 B E:\pages\mahikari\include\PHP\FPDF\doc\output.htm --> ftp.acheiweb.com.br /www/mahikarioblacao/include/PHP/FPDF/doc output.htm
2006.06.03 18:28 B E:\pages\mahikari\include\PHP\FPDF\doc\multicell.htm --> ftp.acheiweb.com.br /www/mahikarioblacao/include/PHP/FPDF/doc multicell.htm
2006.06.03 18:28 B E:\pages\mahikari\include\PHP\FPDF\doc\ln.htm --> ftp.acheiweb.com.br /www/mahikarioblacao/include/PHP/FPDF/doc ln.htm
2006.06.03 18:28 B E:\pages\mahikari\include\PHP\FPDF\doc\link.htm --> ftp.acheiweb.com.br /www/mahikarioblacao/include/PHP/FPDF/doc link.htm
2006.06.03 18:28 B E:\pages\mahikari\include\PHP\FPDF\doc\line.htm --> ftp.acheiweb.com.br /www/mahikarioblacao/include/PHP/FPDF/doc line.htm
2006.06.03 18:28 B E:\pages\mahikari\include\PHP\FPDF\doc\image.htm --> ftp.acheiweb.com.br /www/mahikarioblacao/include/PHP/FPDF/doc image.htm
2006.06.03 18:28 B E:\pages\mahikari\include\PHP\FPDF\doc\header.htm --> ftp.acheiweb.com.br /www/mahikarioblacao/include/PHP/FPDF/doc header.htm
2006.06.03 18:28 B E:\pages\mahikari\include\PHP\FPDF\doc\gety.htm --> ftp.acheiweb.com.br /www/mahikarioblacao/include/PHP/FPDF/doc gety.htm
2006.06.03 18:28 B E:\pages\mahikari\include\PHP\FPDF\doc\getx.htm --> ftp.acheiweb.com.br /www/mahikarioblacao/include/PHP/FPDF/doc getx.htm
2006.06.03 18:28 B E:\pages\mahikari\include\PHP\FPDF\doc\getstringwidth.htm --> ftp.acheiweb.com.br /www/mahikarioblacao/include/PHP/FPDF/doc getstringwidth.htm
2006.06.03 18:28 B E:\pages\mahikari\include\PHP\FPDF\doc\fpdf.htm --> ftp.acheiweb.com.br /www/mahikarioblacao/include/PHP/FPDF/doc fpdf.htm
2006.06.03 18:28 B E:\pages\mahikari\include\PHP\FPDF\doc\footer.htm --> ftp.acheiweb.com.br /www/mahikarioblacao/include/PHP/FPDF/doc footer.htm
2006.06.03 18:28 B E:\pages\mahikari\include\PHP\FPDF\doc\error.htm --> ftp.acheiweb.com.br /www/mahikarioblacao/include/PHP/FPDF/doc error.htm
2006.06.03 18:28 B E:\pages\mahikari\include\PHP\FPDF\doc\close.htm --> ftp.acheiweb.com.br /www/mahikarioblacao/include/PHP/FPDF/doc close.htm
2006.06.03 18:28 B E:\pages\mahikari\include\PHP\FPDF\doc\cell.htm --> ftp.acheiweb.com.br /www/mahikarioblacao/include/PHP/FPDF/doc cell.htm
2006.06.03 18:28 B E:\pages\mahikari\include\PHP\FPDF\doc\aliasnbpages.htm --> ftp.acheiweb.com.br /www/mahikarioblacao/include/PHP/FPDF/doc aliasnbpages.htm
2006.06.03 18:28 B E:\pages\mahikari\include\PHP\FPDF\doc\addpage.htm --> ftp.acheiweb.com.br /www/mahikarioblacao/include/PHP/FPDF/doc addpage.htm
2006.06.03 18:28 B E:\pages\mahikari\include\PHP\FPDF\doc\addlink.htm --> ftp.acheiweb.com.br /www/mahikarioblacao/include/PHP/FPDF/doc addlink.htm
2006.06.03 18:28 B E:\pages\mahikari\include\PHP\FPDF\doc\acceptpagebreak.htm --> ftp.acheiweb.com.br /www/mahikarioblacao/include/PHP/FPDF/doc acceptpagebreak.htm
2006.07.04 09:59 B E:\pages\acheiweb\acheiweb\include\PHP\FPDF\doc\WS_FTP.LOG --> ftp.acheiweb.com.br /www/acheiweb/include/PHP/FPDF/doc WS_FTP.LOG
2006.07.04 09:59 B E:\pages\acheiweb\acheiweb\include\PHP\FPDF\doc\sety.htm --> ftp.acheiweb.com.br /www/acheiweb/include/PHP/FPDF/doc sety.htm
2006.07.04 09:59 B E:\pages\acheiweb\acheiweb\include\PHP\FPDF\doc\index.htm --> ftp.acheiweb.com.br /www/acheiweb/include/PHP/FPDF/doc index.htm
2006.07.04 09:59 B E:\pages\acheiweb\acheiweb\include\PHP\FPDF\doc\addfont.htm --> ftp.acheiweb.com.br /www/acheiweb/include/PHP/FPDF/doc addfont.htm
2006.07.04 09:59 B E:\pages\acheiweb\acheiweb\include\PHP\FPDF\doc\write.htm --> ftp.acheiweb.com.br /www/acheiweb/include/PHP/FPDF/doc write.htm
2006.07.04 09:59 B E:\pages\acheiweb\acheiweb\include\PHP\FPDF\doc\text.htm --> ftp.acheiweb.com.br /www/acheiweb/include/PHP/FPDF/doc text.htm
2006.07.04 09:59 B E:\pages\acheiweb\acheiweb\include\PHP\FPDF\doc\setxy.htm --> ftp.acheiweb.com.br /www/acheiweb/include/PHP/FPDF/doc setxy.htm
2006.07.04 09:59 B E:\pages\acheiweb\acheiweb\include\PHP\FPDF\doc\setx.htm --> ftp.acheiweb.com.br /www/acheiweb/include/PHP/FPDF/doc setx.htm
2006.07.04 09:59 B E:\pages\acheiweb\acheiweb\include\PHP\FPDF\doc\settopmargin.htm --> ftp.acheiweb.com.br /www/acheiweb/include/PHP/FPDF/doc settopmargin.htm
2006.07.04 09:59 B E:\pages\acheiweb\acheiweb\include\PHP\FPDF\doc\settitle.htm --> ftp.acheiweb.com.br /www/acheiweb/include/PHP/FPDF/doc settitle.htm
2006.07.04 09:59 B E:\pages\acheiweb\acheiweb\include\PHP\FPDF\doc\settextcolor.htm --> ftp.acheiweb.com.br /www/acheiweb/include/PHP/FPDF/doc settextcolor.htm
2006.07.04 09:59 B E:\pages\acheiweb\acheiweb\include\PHP\FPDF\doc\setsubject.htm --> ftp.acheiweb.com.br /www/acheiweb/include/PHP/FPDF/doc setsubject.htm
2006.07.04 09:59 B E:\pages\acheiweb\acheiweb\include\PHP\FPDF\doc\setrightmargin.htm --> ftp.acheiweb.com.br /www/acheiweb/include/PHP/FPDF/doc setrightmargin.htm
2006.07.04 09:59 B E:\pages\acheiweb\acheiweb\include\PHP\FPDF\doc\setmargins.htm --> ftp.acheiweb.com.br /www/acheiweb/include/PHP/FPDF/doc setmargins.htm
2006.07.04 09:59 B E:\pages\acheiweb\acheiweb\include\PHP\FPDF\doc\setlink.htm --> ftp.acheiweb.com.br /www/acheiweb/include/PHP/FPDF/doc setlink.htm
2006.07.04 09:59 B E:\pages\acheiweb\acheiweb\include\PHP\FPDF\doc\setlinewidth.htm --> ftp.acheiweb.com.br /www/acheiweb/include/PHP/FPDF/doc setlinewidth.htm
2006.07.04 09:59 B E:\pages\acheiweb\acheiweb\include\PHP\FPDF\doc\setleftmargin.htm --> ftp.acheiweb.com.br /www/acheiweb/include/PHP/FPDF/doc setleftmargin.htm
2006.07.04 09:59 B E:\pages\acheiweb\acheiweb\include\PHP\FPDF\doc\setkeywords.htm --> ftp.acheiweb.com.br /www/acheiweb/include/PHP/FPDF/doc setkeywords.htm
2006.07.04 09:59 B E:\pages\acheiweb\acheiweb\include\PHP\FPDF\doc\setfontsize.htm --> ftp.acheiweb.com.br /www/acheiweb/include/PHP/FPDF/doc setfontsize.htm
2006.07.04 09:59 B E:\pages\acheiweb\acheiweb\include\PHP\FPDF\doc\setfont.htm --> ftp.acheiweb.com.br /www/acheiweb/include/PHP/FPDF/doc setfont.htm
2006.07.04 09:59 B E:\pages\acheiweb\acheiweb\include\PHP\FPDF\doc\setfillcolor.htm --> ftp.acheiweb.com.br /www/acheiweb/include/PHP/FPDF/doc setfillcolor.htm
2006.07.04 09:59 B E:\pages\acheiweb\acheiweb\include\PHP\FPDF\doc\setdrawcolor.htm --> ftp.acheiweb.com.br /www/acheiweb/include/PHP/FPDF/doc setdrawcolor.htm
2006.07.04 09:59 B E:\pages\acheiweb\acheiweb\include\PHP\FPDF\doc\setdisplaymode.htm --> ftp.acheiweb.com.br /www/acheiweb/include/PHP/FPDF/doc setdisplaymode.htm
2006.07.04 09:59 B E:\pages\acheiweb\acheiweb\include\PHP\FPDF\doc\setcreator.htm --> ftp.acheiweb.com.br /www/acheiweb/include/PHP/FPDF/doc setcreator.htm
2006.07.04 09:59 B E:\pages\acheiweb\acheiweb\include\PHP\FPDF\doc\setcompression.htm --> ftp.acheiweb.com.br /www/acheiweb/include/PHP/FPDF/doc setcompression.htm
2006.07.04 09:59 B E:\pages\acheiweb\acheiweb\include\PHP\FPDF\doc\setautopagebreak.htm --> ftp.acheiweb.com.br /www/acheiweb/include/PHP/FPDF/doc setautopagebreak.htm
2006.07.04 09:59 B E:\pages\acheiweb\acheiweb\include\PHP\FPDF\doc\setauthor.htm --> ftp.acheiweb.com.br /www/acheiweb/include/PHP/FPDF/doc setauthor.htm
2006.07.04 09:59 B E:\pages\acheiweb\acheiweb\include\PHP\FPDF\doc\rect.htm --> ftp.acheiweb.com.br /www/acheiweb/include/PHP/FPDF/doc rect.htm
2006.07.04 09:59 B E:\pages\acheiweb\acheiweb\include\PHP\FPDF\doc\pageno.htm --> ftp.acheiweb.com.br /www/acheiweb/include/PHP/FPDF/doc pageno.htm
2006.07.04 09:59 B E:\pages\acheiweb\acheiweb\include\PHP\FPDF\doc\output.htm --> ftp.acheiweb.com.br /www/acheiweb/include/PHP/FPDF/doc output.htm
2006.07.04 09:59 B E:\pages\acheiweb\acheiweb\include\PHP\FPDF\doc\multicell.htm --> ftp.acheiweb.com.br /www/acheiweb/include/PHP/FPDF/doc multicell.htm
2006.07.04 09:59 B E:\pages\acheiweb\acheiweb\include\PHP\FPDF\doc\ln.htm --> ftp.acheiweb.com.br /www/acheiweb/include/PHP/FPDF/doc ln.htm
2006.07.04 09:59 B E:\pages\acheiweb\acheiweb\include\PHP\FPDF\doc\link.htm --> ftp.acheiweb.com.br /www/acheiweb/include/PHP/FPDF/doc link.htm
2006.07.04 09:59 B E:\pages\acheiweb\acheiweb\include\PHP\FPDF\doc\line.htm --> ftp.acheiweb.com.br /www/acheiweb/include/PHP/FPDF/doc line.htm
2006.07.04 09:59 B E:\pages\acheiweb\acheiweb\include\PHP\FPDF\doc\image.htm --> ftp.acheiweb.com.br /www/acheiweb/include/PHP/FPDF/doc image.htm
2006.07.04 09:59 B E:\pages\acheiweb\acheiweb\include\PHP\FPDF\doc\header.htm --> ftp.acheiweb.com.br /www/acheiweb/include/PHP/FPDF/doc header.htm
2006.07.04 09:59 B E:\pages\acheiweb\acheiweb\include\PHP\FPDF\doc\gety.htm --> ftp.acheiweb.com.br /www/acheiweb/include/PHP/FPDF/doc gety.htm
2006.07.04 09:59 B E:\pages\acheiweb\acheiweb\include\PHP\FPDF\doc\getx.htm --> ftp.acheiweb.com.br /www/acheiweb/include/PHP/FPDF/doc getx.htm
2006.07.04 09:59 B E:\pages\acheiweb\acheiweb\include\PHP\FPDF\doc\getstringwidth.htm --> ftp.acheiweb.com.br /www/acheiweb/include/PHP/FPDF/doc getstringwidth.htm
2006.07.04 09:59 B E:\pages\acheiweb\acheiweb\include\PHP\FPDF\doc\fpdf.htm --> ftp.acheiweb.com.br /www/acheiweb/include/PHP/FPDF/doc fpdf.htm
2006.07.04 09:59 B E:\pages\acheiweb\acheiweb\include\PHP\FPDF\doc\footer.htm --> ftp.acheiweb.com.br /www/acheiweb/include/PHP/FPDF/doc footer.htm
2006.07.04 09:59 B E:\pages\acheiweb\acheiweb\include\PHP\FPDF\doc\error.htm --> ftp.acheiweb.com.br /www/acheiweb/include/PHP/FPDF/doc error.htm
2006.07.04 09:59 B E:\pages\acheiweb\acheiweb\include\PHP\FPDF\doc\close.htm --> ftp.acheiweb.com.br /www/acheiweb/include/PHP/FPDF/doc close.htm
2006.07.04 09:59 B E:\pages\acheiweb\acheiweb\include\PHP\FPDF\doc\cell.htm --> ftp.acheiweb.com.br /www/acheiweb/include/PHP/FPDF/doc cell.htm
2006.07.04 09:59 B E:\pages\acheiweb\acheiweb\include\PHP\FPDF\doc\aliasnbpages.htm --> ftp.acheiweb.com.br /www/acheiweb/include/PHP/FPDF/doc aliasnbpages.htm
2006.07.04 09:59 B E:\pages\acheiweb\acheiweb\include\PHP\FPDF\doc\addpage.htm --> ftp.acheiweb.com.br /www/acheiweb/include/PHP/FPDF/doc addpage.htm
2006.07.04 09:59 B E:\pages\acheiweb\acheiweb\include\PHP\FPDF\doc\addlink.htm --> ftp.acheiweb.com.br /www/acheiweb/include/PHP/FPDF/doc addlink.htm
2006.07.04 09:59 B E:\pages\acheiweb\acheiweb\include\PHP\FPDF\doc\acceptpagebreak.htm --> ftp.acheiweb.com.br /www/acheiweb/include/PHP/FPDF/doc acceptpagebreak.htm
2006.10.23 00:17 B E:\pages\acheiweb\garotinho\administracao\include\PHP\FPDF\doc\acceptpagebreak.htm --> ftp.acheiweb.com.br /www/garotinho/administracao/include/PHP/FPDF/doc acceptpagebreak.htm
2006.10.23 00:17 B E:\pages\acheiweb\garotinho\administracao\include\PHP\FPDF\doc\addfont.htm --> ftp.acheiweb.com.br /www/garotinho/administracao/include/PHP/FPDF/doc addfont.htm
2006.10.23 00:17 B E:\pages\acheiweb\garotinho\administracao\include\PHP\FPDF\doc\addlink.htm --> ftp.acheiweb.com.br /www/garotinho/administracao/include/PHP/FPDF/doc addlink.htm
2006.10.23 00:17 B E:\pages\acheiweb\garotinho\administracao\include\PHP\FPDF\doc\addpage.htm --> ftp.acheiweb.com.br /www/garotinho/administracao/include/PHP/FPDF/doc addpage.htm
2006.10.23 00:17 B E:\pages\acheiweb\garotinho\administracao\include\PHP\FPDF\doc\aliasnbpages.htm --> ftp.acheiweb.com.br /www/garotinho/administracao/include/PHP/FPDF/doc aliasnbpages.htm
2006.10.23 00:17 B E:\pages\acheiweb\garotinho\administracao\include\PHP\FPDF\doc\cell.htm --> ftp.acheiweb.com.br /www/garotinho/administracao/include/PHP/FPDF/doc cell.htm
2006.10.23 00:17 B E:\pages\acheiweb\garotinho\administracao\include\PHP\FPDF\doc\close.htm --> ftp.acheiweb.com.br /www/garotinho/administracao/include/PHP/FPDF/doc close.htm
2006.10.23 00:17 B E:\pages\acheiweb\garotinho\administracao\include\PHP\FPDF\doc\error.htm --> ftp.acheiweb.com.br /www/garotinho/administracao/include/PHP/FPDF/doc error.htm
2006.10.23 00:17 B E:\pages\acheiweb\garotinho\administracao\include\PHP\FPDF\doc\footer.htm --> ftp.acheiweb.com.br /www/garotinho/administracao/include/PHP/FPDF/doc footer.htm
2006.10.23 00:17 B E:\pages\acheiweb\garotinho\administracao\include\PHP\FPDF\doc\fpdf.htm --> ftp.acheiweb.com.br /www/garotinho/administracao/include/PHP/FPDF/doc fpdf.htm
2006.10.23 00:17 B E:\pages\acheiweb\garotinho\administracao\include\PHP\FPDF\doc\getstringwidth.htm --> ftp.acheiweb.com.br /www/garotinho/administracao/include/PHP/FPDF/doc getstringwidth.htm
2006.10.23 00:17 B E:\pages\acheiweb\garotinho\administracao\include\PHP\FPDF\doc\getx.htm --> ftp.acheiweb.com.br /www/garotinho/administracao/include/PHP/FPDF/doc getx.htm
2006.10.23 00:17 B E:\pages\acheiweb\garotinho\administracao\include\PHP\FPDF\doc\gety.htm --> ftp.acheiweb.com.br /www/garotinho/administracao/include/PHP/FPDF/doc gety.htm
2006.10.23 00:17 B E:\pages\acheiweb\garotinho\administracao\include\PHP\FPDF\doc\header.htm --> ftp.acheiweb.com.br /www/garotinho/administracao/include/PHP/FPDF/doc header.htm
2006.10.23 00:17 B E:\pages\acheiweb\garotinho\administracao\include\PHP\FPDF\doc\image.htm --> ftp.acheiweb.com.br /www/garotinho/administracao/include/PHP/FPDF/doc image.htm
2006.10.23 00:17 B E:\pages\acheiweb\garotinho\administracao\include\PHP\FPDF\doc\index.htm --> ftp.acheiweb.com.br /www/garotinho/administracao/include/PHP/FPDF/doc index.htm
2006.10.23 00:17 B E:\pages\acheiweb\garotinho\administracao\include\PHP\FPDF\doc\line.htm --> ftp.acheiweb.com.br /www/garotinho/administracao/include/PHP/FPDF/doc line.htm
2006.10.23 00:17 B E:\pages\acheiweb\garotinho\administracao\include\PHP\FPDF\doc\link.htm --> ftp.acheiweb.com.br /www/garotinho/administracao/include/PHP/FPDF/doc link.htm
2006.10.23 00:17 B E:\pages\acheiweb\garotinho\administracao\include\PHP\FPDF\doc\ln.htm --> ftp.acheiweb.com.br /www/garotinho/administracao/include/PHP/FPDF/doc ln.htm
2006.10.23 00:17 B E:\pages\acheiweb\garotinho\administracao\include\PHP\FPDF\doc\multicell.htm --> ftp.acheiweb.com.br /www/garotinho/administracao/include/PHP/FPDF/doc multicell.htm
2006.10.23 00:17 B E:\pages\acheiweb\garotinho\administracao\include\PHP\FPDF\doc\output.htm --> ftp.acheiweb.com.br /www/garotinho/administracao/include/PHP/FPDF/doc output.htm
2006.10.23 00:17 B E:\pages\acheiweb\garotinho\administracao\include\PHP\FPDF\doc\pageno.htm --> ftp.acheiweb.com.br /www/garotinho/administracao/include/PHP/FPDF/doc pageno.htm
2006.10.23 00:17 B E:\pages\acheiweb\garotinho\administracao\include\PHP\FPDF\doc\rect.htm --> ftp.acheiweb.com.br /www/garotinho/administracao/include/PHP/FPDF/doc rect.htm
2006.10.23 00:17 B E:\pages\acheiweb\garotinho\administracao\include\PHP\FPDF\doc\setauthor.htm --> ftp.acheiweb.com.br /www/garotinho/administracao/include/PHP/FPDF/doc setauthor.htm
2006.10.23 00:17 B E:\pages\acheiweb\garotinho\administracao\include\PHP\FPDF\doc\setautopagebreak.htm --> ftp.acheiweb.com.br /www/garotinho/administracao/include/PHP/FPDF/doc setautopagebreak.htm
2006.10.23 00:17 B E:\pages\acheiweb\garotinho\administracao\include\PHP\FPDF\doc\setcompression.htm --> ftp.acheiweb.com.br /www/garotinho/administracao/include/PHP/FPDF/doc setcompression.htm
2006.10.23 00:17 B E:\pages\acheiweb\garotinho\administracao\include\PHP\FPDF\doc\setcreator.htm --> ftp.acheiweb.com.br /www/garotinho/administracao/include/PHP/FPDF/doc setcreator.htm
2006.10.23 00:17 B E:\pages\acheiweb\garotinho\administracao\include\PHP\FPDF\doc\setdisplaymode.htm --> ftp.acheiweb.com.br /www/garotinho/administracao/include/PHP/FPDF/doc setdisplaymode.htm
2006.10.23 00:17 B E:\pages\acheiweb\garotinho\administracao\include\PHP\FPDF\doc\setdrawcolor.htm --> ftp.acheiweb.com.br /www/garotinho/administracao/include/PHP/FPDF/doc setdrawcolor.htm
2006.10.23 00:17 B E:\pages\acheiweb\garotinho\administracao\include\PHP\FPDF\doc\setfillcolor.htm --> ftp.acheiweb.com.br /www/garotinho/administracao/include/PHP/FPDF/doc setfillcolor.htm
2006.10.23 00:17 B E:\pages\acheiweb\garotinho\administracao\include\PHP\FPDF\doc\setfont.htm --> ftp.acheiweb.com.br /www/garotinho/administracao/include/PHP/FPDF/doc setfont.htm
2006.10.23 00:17 B E:\pages\acheiweb\garotinho\administracao\include\PHP\FPDF\doc\setfontsize.htm --> ftp.acheiweb.com.br /www/garotinho/administracao/include/PHP/FPDF/doc setfontsize.htm
2006.10.23 00:17 B E:\pages\acheiweb\garotinho\administracao\include\PHP\FPDF\doc\setkeywords.htm --> ftp.acheiweb.com.br /www/garotinho/administracao/include/PHP/FPDF/doc setkeywords.htm
2006.10.23 00:17 B E:\pages\acheiweb\garotinho\administracao\include\PHP\FPDF\doc\setleftmargin.htm --> ftp.acheiweb.com.br /www/garotinho/administracao/include/PHP/FPDF/doc setleftmargin.htm
2006.10.23 00:17 B E:\pages\acheiweb\garotinho\administracao\include\PHP\FPDF\doc\setlinewidth.htm --> ftp.acheiweb.com.br /www/garotinho/administracao/include/PHP/FPDF/doc setlinewidth.htm
2006.10.23 00:17 B E:\pages\acheiweb\garotinho\administracao\include\PHP\FPDF\doc\setlink.htm --> ftp.acheiweb.com.br /www/garotinho/administracao/include/PHP/FPDF/doc setlink.htm
2006.10.23 00:17 B E:\pages\acheiweb\garotinho\administracao\include\PHP\FPDF\doc\setmargins.htm --> ftp.acheiweb.com.br /www/garotinho/administracao/include/PHP/FPDF/doc setmargins.htm
2006.10.23 00:17 B E:\pages\acheiweb\garotinho\administracao\include\PHP\FPDF\doc\setrightmargin.htm --> ftp.acheiweb.com.br /www/garotinho/administracao/include/PHP/FPDF/doc setrightmargin.htm
2006.10.23 00:17 B E:\pages\acheiweb\garotinho\administracao\include\PHP\FPDF\doc\setsubject.htm --> ftp.acheiweb.com.br /www/garotinho/administracao/include/PHP/FPDF/doc setsubject.htm
2006.10.23 00:17 B E:\pages\acheiweb\garotinho\administracao\include\PHP\FPDF\doc\settextcolor.htm --> ftp.acheiweb.com.br /www/garotinho/administracao/include/PHP/FPDF/doc settextcolor.htm
2006.10.23 00:17 B E:\pages\acheiweb\garotinho\administracao\include\PHP\FPDF\doc\settitle.htm --> ftp.acheiweb.com.br /www/garotinho/administracao/include/PHP/FPDF/doc settitle.htm
2006.10.23 00:17 B E:\pages\acheiweb\garotinho\administracao\include\PHP\FPDF\doc\settopmargin.htm --> ftp.acheiweb.com.br /www/garotinho/administracao/include/PHP/FPDF/doc settopmargin.htm
2006.10.23 00:17 B E:\pages\acheiweb\garotinho\administracao\include\PHP\FPDF\doc\setx.htm --> ftp.acheiweb.com.br /www/garotinho/administracao/include/PHP/FPDF/doc setx.htm
2006.10.23 00:17 B E:\pages\acheiweb\garotinho\administracao\include\PHP\FPDF\doc\setxy.htm --> ftp.acheiweb.com.br /www/garotinho/administracao/include/PHP/FPDF/doc setxy.htm
2006.10.23 00:17 B E:\pages\acheiweb\garotinho\administracao\include\PHP\FPDF\doc\sety.htm --> ftp.acheiweb.com.br /www/garotinho/administracao/include/PHP/FPDF/doc sety.htm
2006.10.23 00:17 B E:\pages\acheiweb\garotinho\administracao\include\PHP\FPDF\doc\text.htm --> ftp.acheiweb.com.br /www/garotinho/administracao/include/PHP/FPDF/doc text.htm
2006.10.23 00:17 B E:\pages\acheiweb\garotinho\administracao\include\PHP\FPDF\doc\write.htm --> ftp.acheiweb.com.br /www/garotinho/administracao/include/PHP/FPDF/doc write.htm
2006.10.23 00:17 B E:\pages\acheiweb\garotinho\administracao\include\PHP\FPDF\doc\WS_FTP.LOG --> ftp.acheiweb.com.br /www/garotinho/administracao/include/PHP/FPDF/doc WS_FTP.LOG
2006.10.30 23:38 B E:\pages\acheiweb\mangiare\administracao\include\PHP\FPDF\doc\acceptpagebreak.htm --> ftp.acheiweb.com.br /www/mangiare/administracao/include/PHP/FPDF/doc acceptpagebreak.htm
2006.10.30 23:38 B E:\pages\acheiweb\mangiare\administracao\include\PHP\FPDF\doc\addfont.htm --> ftp.acheiweb.com.br /www/mangiare/administracao/include/PHP/FPDF/doc addfont.htm
2006.10.30 23:38 B E:\pages\acheiweb\mangiare\administracao\include\PHP\FPDF\doc\addlink.htm --> ftp.acheiweb.com.br /www/mangiare/administracao/include/PHP/FPDF/doc addlink.htm
2006.10.30 23:38 B E:\pages\acheiweb\mangiare\administracao\include\PHP\FPDF\doc\addpage.htm --> ftp.acheiweb.com.br /www/mangiare/administracao/include/PHP/FPDF/doc addpage.htm
2006.10.30 23:38 B E:\pages\acheiweb\mangiare\administracao\include\PHP\FPDF\doc\aliasnbpages.htm --> ftp.acheiweb.com.br /www/mangiare/administracao/include/PHP/FPDF/doc aliasnbpages.htm
2006.10.30 23:38 B E:\pages\acheiweb\mangiare\administracao\include\PHP\FPDF\doc\cell.htm --> ftp.acheiweb.com.br /www/mangiare/administracao/include/PHP/FPDF/doc cell.htm
2006.10.30 23:38 B E:\pages\acheiweb\mangiare\administracao\include\PHP\FPDF\doc\close.htm --> ftp.acheiweb.com.br /www/mangiare/administracao/include/PHP/FPDF/doc close.htm
2006.10.30 23:38 B E:\pages\acheiweb\mangiare\administracao\include\PHP\FPDF\doc\error.htm --> ftp.acheiweb.com.br /www/mangiare/administracao/include/PHP/FPDF/doc error.htm
2006.10.30 23:38 B E:\pages\acheiweb\mangiare\administracao\include\PHP\FPDF\doc\footer.htm --> ftp.acheiweb.com.br /www/mangiare/administracao/include/PHP/FPDF/doc footer.htm
2006.10.30 23:38 B E:\pages\acheiweb\mangiare\administracao\include\PHP\FPDF\doc\fpdf.htm --> ftp.acheiweb.com.br /www/mangiare/administracao/include/PHP/FPDF/doc fpdf.htm
2006.10.30 23:38 B E:\pages\acheiweb\mangiare\administracao\include\PHP\FPDF\doc\getstringwidth.htm --> ftp.acheiweb.com.br /www/mangiare/administracao/include/PHP/FPDF/doc getstringwidth.htm
2006.10.30 23:38 B E:\pages\acheiweb\mangiare\administracao\include\PHP\FPDF\doc\getx.htm --> ftp.acheiweb.com.br /www/mangiare/administracao/include/PHP/FPDF/doc getx.htm
2006.10.30 23:38 B E:\pages\acheiweb\mangiare\administracao\include\PHP\FPDF\doc\gety.htm --> ftp.acheiweb.com.br /www/mangiare/administracao/include/PHP/FPDF/doc gety.htm
2006.10.30 23:38 B E:\pages\acheiweb\mangiare\administracao\include\PHP\FPDF\doc\header.htm --> ftp.acheiweb.com.br /www/mangiare/administracao/include/PHP/FPDF/doc header.htm
2006.10.30 23:38 B E:\pages\acheiweb\mangiare\administracao\include\PHP\FPDF\doc\image.htm --> ftp.acheiweb.com.br /www/mangiare/administracao/include/PHP/FPDF/doc image.htm
2006.10.30 23:38 B E:\pages\acheiweb\mangiare\administracao\include\PHP\FPDF\doc\index.htm --> ftp.acheiweb.com.br /www/mangiare/administracao/include/PHP/FPDF/doc index.htm
2006.10.30 23:38 B E:\pages\acheiweb\mangiare\administracao\include\PHP\FPDF\doc\line.htm --> ftp.acheiweb.com.br /www/mangiare/administracao/include/PHP/FPDF/doc line.htm
2006.10.30 23:38 B E:\pages\acheiweb\mangiare\administracao\include\PHP\FPDF\doc\link.htm --> ftp.acheiweb.com.br /www/mangiare/administracao/include/PHP/FPDF/doc link.htm
2006.10.30 23:38 B E:\pages\acheiweb\mangiare\administracao\include\PHP\FPDF\doc\ln.htm --> ftp.acheiweb.com.br /www/mangiare/administracao/include/PHP/FPDF/doc ln.htm
2006.10.30 23:38 B E:\pages\acheiweb\mangiare\administracao\include\PHP\FPDF\doc\multicell.htm --> ftp.acheiweb.com.br /www/mangiare/administracao/include/PHP/FPDF/doc multicell.htm
2006.10.30 23:38 B E:\pages\acheiweb\mangiare\administracao\include\PHP\FPDF\doc\output.htm --> ftp.acheiweb.com.br /www/mangiare/administracao/include/PHP/FPDF/doc output.htm
2006.10.30 23:38 B E:\pages\acheiweb\mangiare\administracao\include\PHP\FPDF\doc\pageno.htm --> ftp.acheiweb.com.br /www/mangiare/administracao/include/PHP/FPDF/doc pageno.htm
2006.10.30 23:38 B E:\pages\acheiweb\mangiare\administracao\include\PHP\FPDF\doc\rect.htm --> ftp.acheiweb.com.br /www/mangiare/administracao/include/PHP/FPDF/doc rect.htm
2006.10.30 23:38 B E:\pages\acheiweb\mangiare\administracao\include\PHP\FPDF\doc\setauthor.htm --> ftp.acheiweb.com.br /www/mangiare/administracao/include/PHP/FPDF/doc setauthor.htm
2006.10.30 23:38 B E:\pages\acheiweb\mangiare\administracao\include\PHP\FPDF\doc\setautopagebreak.htm --> ftp.acheiweb.com.br /www/mangiare/administracao/include/PHP/FPDF/doc setautopagebreak.htm
2006.10.30 23:38 B E:\pages\acheiweb\mangiare\administracao\include\PHP\FPDF\doc\setcompression.htm --> ftp.acheiweb.com.br /www/mangiare/administracao/include/PHP/FPDF/doc setcompression.htm
2006.10.30 23:38 B E:\pages\acheiweb\mangiare\administracao\include\PHP\FPDF\doc\setcreator.htm --> ftp.acheiweb.com.br /www/mangiare/administracao/include/PHP/FPDF/doc setcreator.htm
2006.10.30 23:38 B E:\pages\acheiweb\mangiare\administracao\include\PHP\FPDF\doc\setdisplaymode.htm --> ftp.acheiweb.com.br /www/mangiare/administracao/include/PHP/FPDF/doc setdisplaymode.htm
2006.10.30 23:38 B E:\pages\acheiweb\mangiare\administracao\include\PHP\FPDF\doc\setdrawcolor.htm --> ftp.acheiweb.com.br /www/mangiare/administracao/include/PHP/FPDF/doc setdrawcolor.htm
2006.10.30 23:38 B E:\pages\acheiweb\mangiare\administracao\include\PHP\FPDF\doc\setfillcolor.htm --> ftp.acheiweb.com.br /www/mangiare/administracao/include/PHP/FPDF/doc setfillcolor.htm
2006.10.30 23:38 B E:\pages\acheiweb\mangiare\administracao\include\PHP\FPDF\doc\setfont.htm --> ftp.acheiweb.com.br /www/mangiare/administracao/include/PHP/FPDF/doc setfont.htm
2006.10.30 23:38 B E:\pages\acheiweb\mangiare\administracao\include\PHP\FPDF\doc\setfontsize.htm --> ftp.acheiweb.com.br /www/mangiare/administracao/include/PHP/FPDF/doc setfontsize.htm
2006.10.30 23:38 B E:\pages\acheiweb\mangiare\administracao\include\PHP\FPDF\doc\setkeywords.htm --> ftp.acheiweb.com.br /www/mangiare/administracao/include/PHP/FPDF/doc setkeywords.htm
2006.10.30 23:38 B E:\pages\acheiweb\mangiare\administracao\include\PHP\FPDF\doc\setleftmargin.htm --> ftp.acheiweb.com.br /www/mangiare/administracao/include/PHP/FPDF/doc setleftmargin.htm
2006.10.30 23:38 B E:\pages\acheiweb\mangiare\administracao\include\PHP\FPDF\doc\setlinewidth.htm --> ftp.acheiweb.com.br /www/mangiare/administracao/include/PHP/FPDF/doc setlinewidth.htm
2006.10.30 23:38 B E:\pages\acheiweb\mangiare\administracao\include\PHP\FPDF\doc\setlink.htm --> ftp.acheiweb.com.br /www/mangiare/administracao/include/PHP/FPDF/doc setlink.htm
2006.10.30 23:38 B E:\pages\acheiweb\mangiare\administracao\include\PHP\FPDF\doc\setmargins.htm --> ftp.acheiweb.com.br /www/mangiare/administracao/include/PHP/FPDF/doc setmargins.htm
2006.10.30 23:38 B E:\pages\acheiweb\mangiare\administracao\include\PHP\FPDF\doc\setrightmargin.htm --> ftp.acheiweb.com.br /www/mangiare/administracao/include/PHP/FPDF/doc setrightmargin.htm
2006.10.30 23:38 B E:\pages\acheiweb\mangiare\administracao\include\PHP\FPDF\doc\setsubject.htm --> ftp.acheiweb.com.br /www/mangiare/administracao/include/PHP/FPDF/doc setsubject.htm
2006.10.30 23:38 B E:\pages\acheiweb\mangiare\administracao\include\PHP\FPDF\doc\settextcolor.htm --> ftp.acheiweb.com.br /www/mangiare/administracao/include/PHP/FPDF/doc settextcolor.htm
2006.10.30 23:38 B E:\pages\acheiweb\mangiare\administracao\include\PHP\FPDF\doc\settitle.htm --> ftp.acheiweb.com.br /www/mangiare/administracao/include/PHP/FPDF/doc settitle.htm
2006.10.30 23:38 B E:\pages\acheiweb\mangiare\administracao\include\PHP\FPDF\doc\settopmargin.htm --> ftp.acheiweb.com.br /www/mangiare/administracao/include/PHP/FPDF/doc settopmargin.htm
2006.10.30 23:38 B E:\pages\acheiweb\mangiare\administracao\include\PHP\FPDF\doc\setx.htm --> ftp.acheiweb.com.br /www/mangiare/administracao/include/PHP/FPDF/doc setx.htm
2006.10.30 23:38 B E:\pages\acheiweb\mangiare\administracao\include\PHP\FPDF\doc\setxy.htm --> ftp.acheiweb.com.br /www/mangiare/administracao/include/PHP/FPDF/doc setxy.htm
2006.10.30 23:38 B E:\pages\acheiweb\mangiare\administracao\include\PHP\FPDF\doc\sety.htm --> ftp.acheiweb.com.br /www/mangiare/administracao/include/PHP/FPDF/doc sety.htm
2006.10.30 23:38 B E:\pages\acheiweb\mangiare\administracao\include\PHP\FPDF\doc\text.htm --> ftp.acheiweb.com.br /www/mangiare/administracao/include/PHP/FPDF/doc text.htm
2006.10.30 23:38 B E:\pages\acheiweb\mangiare\administracao\include\PHP\FPDF\doc\write.htm --> ftp.acheiweb.com.br /www/mangiare/administracao/include/PHP/FPDF/doc write.htm
2006.10.30 23:38 B E:\pages\acheiweb\mangiare\administracao\include\PHP\FPDF\doc\WS_FTP.LOG --> ftp.acheiweb.com.br /www/mangiare/administracao/include/PHP/FPDF/doc WS_FTP.LOG
