2006.06.03 18:28 B E:\pages\mahikari\include\PHP\FPDF\font\courier.php --> ftp.acheiweb.com.br /www/mahikarioblacao/include/PHP/FPDF/font courier.php
2006.06.03 18:28 B E:\pages\mahikari\include\PHP\FPDF\font\zapfdingbats.php --> ftp.acheiweb.com.br /www/mahikarioblacao/include/PHP/FPDF/font zapfdingbats.php
2006.06.03 18:28 B E:\pages\mahikari\include\PHP\FPDF\font\symbol.php --> ftp.acheiweb.com.br /www/mahikarioblacao/include/PHP/FPDF/font symbol.php
2006.06.03 18:28 B E:\pages\mahikari\include\PHP\FPDF\font\helveticabi.php --> ftp.acheiweb.com.br /www/mahikarioblacao/include/PHP/FPDF/font helveticabi.php
2006.06.03 18:28 B E:\pages\mahikari\include\PHP\FPDF\font\helveticai.php --> ftp.acheiweb.com.br /www/mahikarioblacao/include/PHP/FPDF/font helveticai.php
2006.06.03 18:28 B E:\pages\mahikari\include\PHP\FPDF\font\helveticab.php --> ftp.acheiweb.com.br /www/mahikarioblacao/include/PHP/FPDF/font helveticab.php
2006.06.03 18:28 B E:\pages\mahikari\include\PHP\FPDF\font\helvetica.php --> ftp.acheiweb.com.br /www/mahikarioblacao/include/PHP/FPDF/font helvetica.php
2006.06.03 18:28 B E:\pages\mahikari\include\PHP\FPDF\font\timesi.php --> ftp.acheiweb.com.br /www/mahikarioblacao/include/PHP/FPDF/font timesi.php
2006.06.03 18:28 B E:\pages\mahikari\include\PHP\FPDF\font\timesbi.php --> ftp.acheiweb.com.br /www/mahikarioblacao/include/PHP/FPDF/font timesbi.php
2006.06.03 18:28 B E:\pages\mahikari\include\PHP\FPDF\font\timesb.php --> ftp.acheiweb.com.br /www/mahikarioblacao/include/PHP/FPDF/font timesb.php
2006.06.03 18:28 B E:\pages\mahikari\include\PHP\FPDF\font\times.php --> ftp.acheiweb.com.br /www/mahikarioblacao/include/PHP/FPDF/font times.php
2006.07.04 09:58 B E:\pages\acheiweb\acheiweb\include\PHP\FPDF\font\WS_FTP.LOG --> ftp.acheiweb.com.br /www/acheiweb/include/PHP/FPDF/font WS_FTP.LOG
2006.07.04 09:58 B E:\pages\acheiweb\acheiweb\include\PHP\FPDF\font\courier.php --> ftp.acheiweb.com.br /www/acheiweb/include/PHP/FPDF/font courier.php
2006.07.04 09:58 B E:\pages\acheiweb\acheiweb\include\PHP\FPDF\font\zapfdingbats.php --> ftp.acheiweb.com.br /www/acheiweb/include/PHP/FPDF/font zapfdingbats.php
2006.07.04 09:58 B E:\pages\acheiweb\acheiweb\include\PHP\FPDF\font\symbol.php --> ftp.acheiweb.com.br /www/acheiweb/include/PHP/FPDF/font symbol.php
2006.07.04 09:58 B E:\pages\acheiweb\acheiweb\include\PHP\FPDF\font\helveticabi.php --> ftp.acheiweb.com.br /www/acheiweb/include/PHP/FPDF/font helveticabi.php
2006.07.04 09:58 B E:\pages\acheiweb\acheiweb\include\PHP\FPDF\font\helveticai.php --> ftp.acheiweb.com.br /www/acheiweb/include/PHP/FPDF/font helveticai.php
2006.07.04 09:58 B E:\pages\acheiweb\acheiweb\include\PHP\FPDF\font\helveticab.php --> ftp.acheiweb.com.br /www/acheiweb/include/PHP/FPDF/font helveticab.php
2006.07.04 09:58 B E:\pages\acheiweb\acheiweb\include\PHP\FPDF\font\helvetica.php --> ftp.acheiweb.com.br /www/acheiweb/include/PHP/FPDF/font helvetica.php
2006.07.04 09:58 B E:\pages\acheiweb\acheiweb\include\PHP\FPDF\font\timesi.php --> ftp.acheiweb.com.br /www/acheiweb/include/PHP/FPDF/font timesi.php
2006.07.04 09:58 B E:\pages\acheiweb\acheiweb\include\PHP\FPDF\font\timesbi.php --> ftp.acheiweb.com.br /www/acheiweb/include/PHP/FPDF/font timesbi.php
2006.07.04 09:58 B E:\pages\acheiweb\acheiweb\include\PHP\FPDF\font\timesb.php --> ftp.acheiweb.com.br /www/acheiweb/include/PHP/FPDF/font timesb.php
2006.07.04 09:58 B E:\pages\acheiweb\acheiweb\include\PHP\FPDF\font\times.php --> ftp.acheiweb.com.br /www/acheiweb/include/PHP/FPDF/font times.php
2006.10.23 00:19 B E:\pages\acheiweb\garotinho\administracao\include\PHP\FPDF\font\courier.php --> ftp.acheiweb.com.br /www/garotinho/administracao/include/PHP/FPDF/font courier.php
2006.10.23 00:19 B E:\pages\acheiweb\garotinho\administracao\include\PHP\FPDF\font\helvetica.php --> ftp.acheiweb.com.br /www/garotinho/administracao/include/PHP/FPDF/font helvetica.php
2006.10.23 00:19 B E:\pages\acheiweb\garotinho\administracao\include\PHP\FPDF\font\helveticab.php --> ftp.acheiweb.com.br /www/garotinho/administracao/include/PHP/FPDF/font helveticab.php
2006.10.23 00:19 B E:\pages\acheiweb\garotinho\administracao\include\PHP\FPDF\font\helveticabi.php --> ftp.acheiweb.com.br /www/garotinho/administracao/include/PHP/FPDF/font helveticabi.php
2006.10.23 00:19 B E:\pages\acheiweb\garotinho\administracao\include\PHP\FPDF\font\helveticai.php --> ftp.acheiweb.com.br /www/garotinho/administracao/include/PHP/FPDF/font helveticai.php
2006.10.23 00:19 B E:\pages\acheiweb\garotinho\administracao\include\PHP\FPDF\font\symbol.php --> ftp.acheiweb.com.br /www/garotinho/administracao/include/PHP/FPDF/font symbol.php
2006.10.23 00:19 B E:\pages\acheiweb\garotinho\administracao\include\PHP\FPDF\font\times.php --> ftp.acheiweb.com.br /www/garotinho/administracao/include/PHP/FPDF/font times.php
2006.10.23 00:19 B E:\pages\acheiweb\garotinho\administracao\include\PHP\FPDF\font\timesb.php --> ftp.acheiweb.com.br /www/garotinho/administracao/include/PHP/FPDF/font timesb.php
2006.10.23 00:19 B E:\pages\acheiweb\garotinho\administracao\include\PHP\FPDF\font\timesbi.php --> ftp.acheiweb.com.br /www/garotinho/administracao/include/PHP/FPDF/font timesbi.php
2006.10.23 00:19 B E:\pages\acheiweb\garotinho\administracao\include\PHP\FPDF\font\timesi.php --> ftp.acheiweb.com.br /www/garotinho/administracao/include/PHP/FPDF/font timesi.php
2006.10.23 00:19 B E:\pages\acheiweb\garotinho\administracao\include\PHP\FPDF\font\WS_FTP.LOG --> ftp.acheiweb.com.br /www/garotinho/administracao/include/PHP/FPDF/font WS_FTP.LOG
2006.10.23 00:19 B E:\pages\acheiweb\garotinho\administracao\include\PHP\FPDF\font\zapfdingbats.php --> ftp.acheiweb.com.br /www/garotinho/administracao/include/PHP/FPDF/font zapfdingbats.php
2006.10.30 23:39 B E:\pages\acheiweb\mangiare\administracao\include\PHP\FPDF\font\courier.php --> ftp.acheiweb.com.br /www/mangiare/administracao/include/PHP/FPDF/font courier.php
2006.10.30 23:39 B E:\pages\acheiweb\mangiare\administracao\include\PHP\FPDF\font\helvetica.php --> ftp.acheiweb.com.br /www/mangiare/administracao/include/PHP/FPDF/font helvetica.php
2006.10.30 23:39 B E:\pages\acheiweb\mangiare\administracao\include\PHP\FPDF\font\helveticab.php --> ftp.acheiweb.com.br /www/mangiare/administracao/include/PHP/FPDF/font helveticab.php
2006.10.30 23:39 B E:\pages\acheiweb\mangiare\administracao\include\PHP\FPDF\font\helveticabi.php --> ftp.acheiweb.com.br /www/mangiare/administracao/include/PHP/FPDF/font helveticabi.php
2006.10.30 23:39 B E:\pages\acheiweb\mangiare\administracao\include\PHP\FPDF\font\helveticai.php --> ftp.acheiweb.com.br /www/mangiare/administracao/include/PHP/FPDF/font helveticai.php
2006.10.30 23:39 B E:\pages\acheiweb\mangiare\administracao\include\PHP\FPDF\font\symbol.php --> ftp.acheiweb.com.br /www/mangiare/administracao/include/PHP/FPDF/font symbol.php
2006.10.30 23:39 B E:\pages\acheiweb\mangiare\administracao\include\PHP\FPDF\font\times.php --> ftp.acheiweb.com.br /www/mangiare/administracao/include/PHP/FPDF/font times.php
2006.10.30 23:39 B E:\pages\acheiweb\mangiare\administracao\include\PHP\FPDF\font\timesb.php --> ftp.acheiweb.com.br /www/mangiare/administracao/include/PHP/FPDF/font timesb.php
2006.10.30 23:39 B E:\pages\acheiweb\mangiare\administracao\include\PHP\FPDF\font\timesbi.php --> ftp.acheiweb.com.br /www/mangiare/administracao/include/PHP/FPDF/font timesbi.php
2006.10.30 23:39 B E:\pages\acheiweb\mangiare\administracao\include\PHP\FPDF\font\timesi.php --> ftp.acheiweb.com.br /www/mangiare/administracao/include/PHP/FPDF/font timesi.php
2006.10.30 23:39 B E:\pages\acheiweb\mangiare\administracao\include\PHP\FPDF\font\WS_FTP.LOG --> ftp.acheiweb.com.br /www/mangiare/administracao/include/PHP/FPDF/font WS_FTP.LOG
2006.10.30 23:39 B E:\pages\acheiweb\mangiare\administracao\include\PHP\FPDF\font\zapfdingbats.php --> ftp.acheiweb.com.br /www/mangiare/administracao/include/PHP/FPDF/font zapfdingbats.php
