2006.06.03 18:29 B E:\pages\mahikari\include\PHP\FPDF\FAQ.htm --> ftp.acheiweb.com.br /www/mahikarioblacao/include/PHP/FPDF FAQ.htm
2006.06.03 18:29 B E:\pages\mahikari\include\PHP\FPDF\histo.htm --> ftp.acheiweb.com.br /www/mahikarioblacao/include/PHP/FPDF histo.htm
2006.06.03 18:29 B E:\pages\mahikari\include\PHP\FPDF\install.txt --> ftp.acheiweb.com.br /www/mahikarioblacao/include/PHP/FPDF install.txt
2006.06.03 18:29 B E:\pages\mahikari\include\PHP\FPDF\fpdf.php --> ftp.acheiweb.com.br /www/mahikarioblacao/include/PHP/FPDF fpdf.php
2006.06.03 18:29 B E:\pages\mahikari\include\PHP\FPDF\fpdf.css --> ftp.acheiweb.com.br /www/mahikarioblacao/include/PHP/FPDF fpdf.css
2006.07.04 09:59 B E:\pages\acheiweb\acheiweb\include\PHP\FPDF\WS_FTP.LOG --> ftp.acheiweb.com.br /www/acheiweb/include/PHP/FPDF WS_FTP.LOG
2006.07.04 09:59 B E:\pages\acheiweb\acheiweb\include\PHP\FPDF\FAQ.htm --> ftp.acheiweb.com.br /www/acheiweb/include/PHP/FPDF FAQ.htm
2006.07.04 09:59 B E:\pages\acheiweb\acheiweb\include\PHP\FPDF\histo.htm --> ftp.acheiweb.com.br /www/acheiweb/include/PHP/FPDF histo.htm
2006.07.04 09:59 B E:\pages\acheiweb\acheiweb\include\PHP\FPDF\install.txt --> ftp.acheiweb.com.br /www/acheiweb/include/PHP/FPDF install.txt
2006.07.04 09:59 B E:\pages\acheiweb\acheiweb\include\PHP\FPDF\fpdf.php --> ftp.acheiweb.com.br /www/acheiweb/include/PHP/FPDF fpdf.php
2006.07.04 09:59 B E:\pages\acheiweb\acheiweb\include\PHP\FPDF\fpdf.css --> ftp.acheiweb.com.br /www/acheiweb/include/PHP/FPDF fpdf.css
2006.10.23 00:20 B E:\pages\acheiweb\garotinho\administracao\include\PHP\FPDF\FAQ.htm --> ftp.acheiweb.com.br /www/garotinho/administracao/include/PHP/FPDF FAQ.htm
2006.10.23 00:20 B E:\pages\acheiweb\garotinho\administracao\include\PHP\FPDF\fpdf.css --> ftp.acheiweb.com.br /www/garotinho/administracao/include/PHP/FPDF fpdf.css
2006.10.23 00:20 B E:\pages\acheiweb\garotinho\administracao\include\PHP\FPDF\fpdf.php --> ftp.acheiweb.com.br /www/garotinho/administracao/include/PHP/FPDF fpdf.php
2006.10.23 00:20 B E:\pages\acheiweb\garotinho\administracao\include\PHP\FPDF\histo.htm --> ftp.acheiweb.com.br /www/garotinho/administracao/include/PHP/FPDF histo.htm
2006.10.23 00:20 B E:\pages\acheiweb\garotinho\administracao\include\PHP\FPDF\install.txt --> ftp.acheiweb.com.br /www/garotinho/administracao/include/PHP/FPDF install.txt
2006.10.23 00:20 B E:\pages\acheiweb\garotinho\administracao\include\PHP\FPDF\WS_FTP.LOG --> ftp.acheiweb.com.br /www/garotinho/administracao/include/PHP/FPDF WS_FTP.LOG
2006.10.30 23:40 B E:\pages\acheiweb\mangiare\administracao\include\PHP\FPDF\FAQ.htm --> ftp.acheiweb.com.br /www/mangiare/administracao/include/PHP/FPDF FAQ.htm
2006.10.30 23:40 B E:\pages\acheiweb\mangiare\administracao\include\PHP\FPDF\fpdf.css --> ftp.acheiweb.com.br /www/mangiare/administracao/include/PHP/FPDF fpdf.css
2006.10.30 23:40 B E:\pages\acheiweb\mangiare\administracao\include\PHP\FPDF\fpdf.php --> ftp.acheiweb.com.br /www/mangiare/administracao/include/PHP/FPDF fpdf.php
2006.10.30 23:40 B E:\pages\acheiweb\mangiare\administracao\include\PHP\FPDF\histo.htm --> ftp.acheiweb.com.br /www/mangiare/administracao/include/PHP/FPDF histo.htm
2006.10.30 23:40 B E:\pages\acheiweb\mangiare\administracao\include\PHP\FPDF\install.txt --> ftp.acheiweb.com.br /www/mangiare/administracao/include/PHP/FPDF install.txt
2006.10.30 23:40 B E:\pages\acheiweb\mangiare\administracao\include\PHP\FPDF\WS_FTP.LOG --> ftp.acheiweb.com.br /www/mangiare/administracao/include/PHP/FPDF WS_FTP.LOG
