2006.06.03 18:27 B E:\pages\mahikari\include\PHP\FPDF\font\makefont\makefont.php --> ftp.acheiweb.com.br /www/mahikarioblacao/include/PHP/FPDF/font/makefont makefont.php
2006.06.03 18:27 B E:\pages\mahikari\include\PHP\FPDF\font\makefont\cp1258.map --> ftp.acheiweb.com.br /www/mahikarioblacao/include/PHP/FPDF/font/makefont cp1258.map
2006.06.03 18:27 B E:\pages\mahikari\include\PHP\FPDF\font\makefont\koi8-u.map --> ftp.acheiweb.com.br /www/mahikarioblacao/include/PHP/FPDF/font/makefont koi8-u.map
2006.06.03 18:27 B E:\pages\mahikari\include\PHP\FPDF\font\makefont\cp1255.map --> ftp.acheiweb.com.br /www/mahikarioblacao/include/PHP/FPDF/font/makefont cp1255.map
2006.06.03 18:27 B E:\pages\mahikari\include\PHP\FPDF\font\makefont\cp874.map --> ftp.acheiweb.com.br /www/mahikarioblacao/include/PHP/FPDF/font/makefont cp874.map
2006.06.03 18:27 B E:\pages\mahikari\include\PHP\FPDF\font\makefont\iso-8859-11.map --> ftp.acheiweb.com.br /www/mahikarioblacao/include/PHP/FPDF/font/makefont iso-8859-11.map
2006.06.03 18:27 B E:\pages\mahikari\include\PHP\FPDF\font\makefont\iso-8859-9.map --> ftp.acheiweb.com.br /www/mahikarioblacao/include/PHP/FPDF/font/makefont iso-8859-9.map
2006.06.03 18:27 B E:\pages\mahikari\include\PHP\FPDF\font\makefont\cp1254.map --> ftp.acheiweb.com.br /www/mahikarioblacao/include/PHP/FPDF/font/makefont cp1254.map
2006.06.03 18:28 B E:\pages\mahikari\include\PHP\FPDF\font\makefont\cp1257.map --> ftp.acheiweb.com.br /www/mahikarioblacao/include/PHP/FPDF/font/makefont cp1257.map
2006.06.03 18:28 B E:\pages\mahikari\include\PHP\FPDF\font\makefont\iso-8859-4.map --> ftp.acheiweb.com.br /www/mahikarioblacao/include/PHP/FPDF/font/makefont iso-8859-4.map
2006.06.03 18:28 B E:\pages\mahikari\include\PHP\FPDF\font\makefont\cp1250.map --> ftp.acheiweb.com.br /www/mahikarioblacao/include/PHP/FPDF/font/makefont cp1250.map
2006.06.03 18:28 B E:\pages\mahikari\include\PHP\FPDF\font\makefont\iso-8859-7.map --> ftp.acheiweb.com.br /www/mahikarioblacao/include/PHP/FPDF/font/makefont iso-8859-7.map
2006.06.03 18:28 B E:\pages\mahikari\include\PHP\FPDF\font\makefont\koi8-r.map --> ftp.acheiweb.com.br /www/mahikarioblacao/include/PHP/FPDF/font/makefont koi8-r.map
2006.06.03 18:28 B E:\pages\mahikari\include\PHP\FPDF\font\makefont\iso-8859-5.map --> ftp.acheiweb.com.br /www/mahikarioblacao/include/PHP/FPDF/font/makefont iso-8859-5.map
2006.06.03 18:28 B E:\pages\mahikari\include\PHP\FPDF\font\makefont\iso-8859-16.map --> ftp.acheiweb.com.br /www/mahikarioblacao/include/PHP/FPDF/font/makefont iso-8859-16.map
2006.06.03 18:28 B E:\pages\mahikari\include\PHP\FPDF\font\makefont\iso-8859-2.map --> ftp.acheiweb.com.br /www/mahikarioblacao/include/PHP/FPDF/font/makefont iso-8859-2.map
2006.06.03 18:28 B E:\pages\mahikari\include\PHP\FPDF\font\makefont\iso-8859-1.map --> ftp.acheiweb.com.br /www/mahikarioblacao/include/PHP/FPDF/font/makefont iso-8859-1.map
2006.06.03 18:28 B E:\pages\mahikari\include\PHP\FPDF\font\makefont\iso-8859-15.map --> ftp.acheiweb.com.br /www/mahikarioblacao/include/PHP/FPDF/font/makefont iso-8859-15.map
2006.06.03 18:28 B E:\pages\mahikari\include\PHP\FPDF\font\makefont\cp1253.map --> ftp.acheiweb.com.br /www/mahikarioblacao/include/PHP/FPDF/font/makefont cp1253.map
2006.06.03 18:28 B E:\pages\mahikari\include\PHP\FPDF\font\makefont\cp1252.map --> ftp.acheiweb.com.br /www/mahikarioblacao/include/PHP/FPDF/font/makefont cp1252.map
2006.06.03 18:28 B E:\pages\mahikari\include\PHP\FPDF\font\makefont\cp1251.map --> ftp.acheiweb.com.br /www/mahikarioblacao/include/PHP/FPDF/font/makefont cp1251.map
2006.07.04 09:57 B E:\pages\acheiweb\acheiweb\include\PHP\FPDF\font\makefont\WS_FTP.LOG --> ftp.acheiweb.com.br /www/acheiweb/include/PHP/FPDF/font/makefont WS_FTP.LOG
2006.07.04 09:57 B E:\pages\acheiweb\acheiweb\include\PHP\FPDF\font\makefont\makefont.php --> ftp.acheiweb.com.br /www/acheiweb/include/PHP/FPDF/font/makefont makefont.php
2006.07.04 09:58 B E:\pages\acheiweb\acheiweb\include\PHP\FPDF\font\makefont\cp1258.map --> ftp.acheiweb.com.br /www/acheiweb/include/PHP/FPDF/font/makefont cp1258.map
2006.07.04 09:58 B E:\pages\acheiweb\acheiweb\include\PHP\FPDF\font\makefont\koi8-u.map --> ftp.acheiweb.com.br /www/acheiweb/include/PHP/FPDF/font/makefont koi8-u.map
2006.07.04 09:58 B E:\pages\acheiweb\acheiweb\include\PHP\FPDF\font\makefont\cp1255.map --> ftp.acheiweb.com.br /www/acheiweb/include/PHP/FPDF/font/makefont cp1255.map
2006.07.04 09:58 B E:\pages\acheiweb\acheiweb\include\PHP\FPDF\font\makefont\cp874.map --> ftp.acheiweb.com.br /www/acheiweb/include/PHP/FPDF/font/makefont cp874.map
2006.07.04 09:58 B E:\pages\acheiweb\acheiweb\include\PHP\FPDF\font\makefont\iso-8859-11.map --> ftp.acheiweb.com.br /www/acheiweb/include/PHP/FPDF/font/makefont iso-8859-11.map
2006.07.04 09:58 B E:\pages\acheiweb\acheiweb\include\PHP\FPDF\font\makefont\iso-8859-9.map --> ftp.acheiweb.com.br /www/acheiweb/include/PHP/FPDF/font/makefont iso-8859-9.map
2006.07.04 09:58 B E:\pages\acheiweb\acheiweb\include\PHP\FPDF\font\makefont\cp1254.map --> ftp.acheiweb.com.br /www/acheiweb/include/PHP/FPDF/font/makefont cp1254.map
2006.07.04 09:58 B E:\pages\acheiweb\acheiweb\include\PHP\FPDF\font\makefont\cp1257.map --> ftp.acheiweb.com.br /www/acheiweb/include/PHP/FPDF/font/makefont cp1257.map
2006.07.04 09:58 B E:\pages\acheiweb\acheiweb\include\PHP\FPDF\font\makefont\iso-8859-4.map --> ftp.acheiweb.com.br /www/acheiweb/include/PHP/FPDF/font/makefont iso-8859-4.map
2006.07.04 09:58 B E:\pages\acheiweb\acheiweb\include\PHP\FPDF\font\makefont\cp1250.map --> ftp.acheiweb.com.br /www/acheiweb/include/PHP/FPDF/font/makefont cp1250.map
2006.07.04 09:58 B E:\pages\acheiweb\acheiweb\include\PHP\FPDF\font\makefont\iso-8859-7.map --> ftp.acheiweb.com.br /www/acheiweb/include/PHP/FPDF/font/makefont iso-8859-7.map
2006.07.04 09:58 B E:\pages\acheiweb\acheiweb\include\PHP\FPDF\font\makefont\koi8-r.map --> ftp.acheiweb.com.br /www/acheiweb/include/PHP/FPDF/font/makefont koi8-r.map
2006.07.04 09:58 B E:\pages\acheiweb\acheiweb\include\PHP\FPDF\font\makefont\iso-8859-5.map --> ftp.acheiweb.com.br /www/acheiweb/include/PHP/FPDF/font/makefont iso-8859-5.map
2006.07.04 09:58 B E:\pages\acheiweb\acheiweb\include\PHP\FPDF\font\makefont\iso-8859-16.map --> ftp.acheiweb.com.br /www/acheiweb/include/PHP/FPDF/font/makefont iso-8859-16.map
2006.07.04 09:58 B E:\pages\acheiweb\acheiweb\include\PHP\FPDF\font\makefont\iso-8859-2.map --> ftp.acheiweb.com.br /www/acheiweb/include/PHP/FPDF/font/makefont iso-8859-2.map
2006.07.04 09:58 B E:\pages\acheiweb\acheiweb\include\PHP\FPDF\font\makefont\iso-8859-1.map --> ftp.acheiweb.com.br /www/acheiweb/include/PHP/FPDF/font/makefont iso-8859-1.map
2006.07.04 09:58 B E:\pages\acheiweb\acheiweb\include\PHP\FPDF\font\makefont\iso-8859-15.map --> ftp.acheiweb.com.br /www/acheiweb/include/PHP/FPDF/font/makefont iso-8859-15.map
2006.07.04 09:58 B E:\pages\acheiweb\acheiweb\include\PHP\FPDF\font\makefont\cp1253.map --> ftp.acheiweb.com.br /www/acheiweb/include/PHP/FPDF/font/makefont cp1253.map
2006.07.04 09:58 B E:\pages\acheiweb\acheiweb\include\PHP\FPDF\font\makefont\cp1252.map --> ftp.acheiweb.com.br /www/acheiweb/include/PHP/FPDF/font/makefont cp1252.map
2006.07.04 09:58 B E:\pages\acheiweb\acheiweb\include\PHP\FPDF\font\makefont\cp1251.map --> ftp.acheiweb.com.br /www/acheiweb/include/PHP/FPDF/font/makefont cp1251.map
2006.10.23 00:18 B E:\pages\acheiweb\garotinho\administracao\include\PHP\FPDF\font\makefont\cp1250.map --> ftp.acheiweb.com.br /www/garotinho/administracao/include/PHP/FPDF/font/makefont cp1250.map
2006.10.23 00:18 B E:\pages\acheiweb\garotinho\administracao\include\PHP\FPDF\font\makefont\cp1251.map --> ftp.acheiweb.com.br /www/garotinho/administracao/include/PHP/FPDF/font/makefont cp1251.map
2006.10.23 00:18 B E:\pages\acheiweb\garotinho\administracao\include\PHP\FPDF\font\makefont\cp1252.map --> ftp.acheiweb.com.br /www/garotinho/administracao/include/PHP/FPDF/font/makefont cp1252.map
2006.10.23 00:18 B E:\pages\acheiweb\garotinho\administracao\include\PHP\FPDF\font\makefont\cp1253.map --> ftp.acheiweb.com.br /www/garotinho/administracao/include/PHP/FPDF/font/makefont cp1253.map
2006.10.23 00:18 B E:\pages\acheiweb\garotinho\administracao\include\PHP\FPDF\font\makefont\cp1254.map --> ftp.acheiweb.com.br /www/garotinho/administracao/include/PHP/FPDF/font/makefont cp1254.map
2006.10.23 00:18 B E:\pages\acheiweb\garotinho\administracao\include\PHP\FPDF\font\makefont\cp1255.map --> ftp.acheiweb.com.br /www/garotinho/administracao/include/PHP/FPDF/font/makefont cp1255.map
2006.10.23 00:18 B E:\pages\acheiweb\garotinho\administracao\include\PHP\FPDF\font\makefont\cp1257.map --> ftp.acheiweb.com.br /www/garotinho/administracao/include/PHP/FPDF/font/makefont cp1257.map
2006.10.23 00:18 B E:\pages\acheiweb\garotinho\administracao\include\PHP\FPDF\font\makefont\cp1258.map --> ftp.acheiweb.com.br /www/garotinho/administracao/include/PHP/FPDF/font/makefont cp1258.map
2006.10.23 00:18 B E:\pages\acheiweb\garotinho\administracao\include\PHP\FPDF\font\makefont\cp874.map --> ftp.acheiweb.com.br /www/garotinho/administracao/include/PHP/FPDF/font/makefont cp874.map
2006.10.23 00:18 B E:\pages\acheiweb\garotinho\administracao\include\PHP\FPDF\font\makefont\iso-8859-1.map --> ftp.acheiweb.com.br /www/garotinho/administracao/include/PHP/FPDF/font/makefont iso-8859-1.map
2006.10.23 00:18 B E:\pages\acheiweb\garotinho\administracao\include\PHP\FPDF\font\makefont\iso-8859-11.map --> ftp.acheiweb.com.br /www/garotinho/administracao/include/PHP/FPDF/font/makefont iso-8859-11.map
2006.10.23 00:18 B E:\pages\acheiweb\garotinho\administracao\include\PHP\FPDF\font\makefont\iso-8859-15.map --> ftp.acheiweb.com.br /www/garotinho/administracao/include/PHP/FPDF/font/makefont iso-8859-15.map
2006.10.23 00:18 B E:\pages\acheiweb\garotinho\administracao\include\PHP\FPDF\font\makefont\iso-8859-16.map --> ftp.acheiweb.com.br /www/garotinho/administracao/include/PHP/FPDF/font/makefont iso-8859-16.map
2006.10.23 00:18 B E:\pages\acheiweb\garotinho\administracao\include\PHP\FPDF\font\makefont\iso-8859-2.map --> ftp.acheiweb.com.br /www/garotinho/administracao/include/PHP/FPDF/font/makefont iso-8859-2.map
2006.10.23 00:18 B E:\pages\acheiweb\garotinho\administracao\include\PHP\FPDF\font\makefont\iso-8859-4.map --> ftp.acheiweb.com.br /www/garotinho/administracao/include/PHP/FPDF/font/makefont iso-8859-4.map
2006.10.23 00:18 B E:\pages\acheiweb\garotinho\administracao\include\PHP\FPDF\font\makefont\iso-8859-5.map --> ftp.acheiweb.com.br /www/garotinho/administracao/include/PHP/FPDF/font/makefont iso-8859-5.map
2006.10.23 00:18 B E:\pages\acheiweb\garotinho\administracao\include\PHP\FPDF\font\makefont\iso-8859-7.map --> ftp.acheiweb.com.br /www/garotinho/administracao/include/PHP/FPDF/font/makefont iso-8859-7.map
2006.10.23 00:18 B E:\pages\acheiweb\garotinho\administracao\include\PHP\FPDF\font\makefont\iso-8859-9.map --> ftp.acheiweb.com.br /www/garotinho/administracao/include/PHP/FPDF/font/makefont iso-8859-9.map
2006.10.23 00:19 B E:\pages\acheiweb\garotinho\administracao\include\PHP\FPDF\font\makefont\koi8-r.map --> ftp.acheiweb.com.br /www/garotinho/administracao/include/PHP/FPDF/font/makefont koi8-r.map
2006.10.23 00:19 B E:\pages\acheiweb\garotinho\administracao\include\PHP\FPDF\font\makefont\koi8-u.map --> ftp.acheiweb.com.br /www/garotinho/administracao/include/PHP/FPDF/font/makefont koi8-u.map
2006.10.23 00:19 B E:\pages\acheiweb\garotinho\administracao\include\PHP\FPDF\font\makefont\makefont.php --> ftp.acheiweb.com.br /www/garotinho/administracao/include/PHP/FPDF/font/makefont makefont.php
2006.10.23 00:19 B E:\pages\acheiweb\garotinho\administracao\include\PHP\FPDF\font\makefont\WS_FTP.LOG --> ftp.acheiweb.com.br /www/garotinho/administracao/include/PHP/FPDF/font/makefont WS_FTP.LOG
2006.10.30 23:38 B E:\pages\acheiweb\mangiare\administracao\include\PHP\FPDF\font\makefont\cp1250.map --> ftp.acheiweb.com.br /www/mangiare/administracao/include/PHP/FPDF/font/makefont cp1250.map
2006.10.30 23:38 B E:\pages\acheiweb\mangiare\administracao\include\PHP\FPDF\font\makefont\cp1251.map --> ftp.acheiweb.com.br /www/mangiare/administracao/include/PHP/FPDF/font/makefont cp1251.map
2006.10.30 23:38 B E:\pages\acheiweb\mangiare\administracao\include\PHP\FPDF\font\makefont\cp1252.map --> ftp.acheiweb.com.br /www/mangiare/administracao/include/PHP/FPDF/font/makefont cp1252.map
2006.10.30 23:38 B E:\pages\acheiweb\mangiare\administracao\include\PHP\FPDF\font\makefont\cp1253.map --> ftp.acheiweb.com.br /www/mangiare/administracao/include/PHP/FPDF/font/makefont cp1253.map
2006.10.30 23:38 B E:\pages\acheiweb\mangiare\administracao\include\PHP\FPDF\font\makefont\cp1254.map --> ftp.acheiweb.com.br /www/mangiare/administracao/include/PHP/FPDF/font/makefont cp1254.map
2006.10.30 23:38 B E:\pages\acheiweb\mangiare\administracao\include\PHP\FPDF\font\makefont\cp1255.map --> ftp.acheiweb.com.br /www/mangiare/administracao/include/PHP/FPDF/font/makefont cp1255.map
2006.10.30 23:38 B E:\pages\acheiweb\mangiare\administracao\include\PHP\FPDF\font\makefont\cp1257.map --> ftp.acheiweb.com.br /www/mangiare/administracao/include/PHP/FPDF/font/makefont cp1257.map
2006.10.30 23:38 B E:\pages\acheiweb\mangiare\administracao\include\PHP\FPDF\font\makefont\cp1258.map --> ftp.acheiweb.com.br /www/mangiare/administracao/include/PHP/FPDF/font/makefont cp1258.map
2006.10.30 23:38 B E:\pages\acheiweb\mangiare\administracao\include\PHP\FPDF\font\makefont\cp874.map --> ftp.acheiweb.com.br /www/mangiare/administracao/include/PHP/FPDF/font/makefont cp874.map
2006.10.30 23:38 B E:\pages\acheiweb\mangiare\administracao\include\PHP\FPDF\font\makefont\iso-8859-1.map --> ftp.acheiweb.com.br /www/mangiare/administracao/include/PHP/FPDF/font/makefont iso-8859-1.map
2006.10.30 23:38 B E:\pages\acheiweb\mangiare\administracao\include\PHP\FPDF\font\makefont\iso-8859-11.map --> ftp.acheiweb.com.br /www/mangiare/administracao/include/PHP/FPDF/font/makefont iso-8859-11.map
2006.10.30 23:38 B E:\pages\acheiweb\mangiare\administracao\include\PHP\FPDF\font\makefont\iso-8859-15.map --> ftp.acheiweb.com.br /www/mangiare/administracao/include/PHP/FPDF/font/makefont iso-8859-15.map
2006.10.30 23:39 B E:\pages\acheiweb\mangiare\administracao\include\PHP\FPDF\font\makefont\iso-8859-16.map --> ftp.acheiweb.com.br /www/mangiare/administracao/include/PHP/FPDF/font/makefont iso-8859-16.map
2006.10.30 23:39 B E:\pages\acheiweb\mangiare\administracao\include\PHP\FPDF\font\makefont\iso-8859-2.map --> ftp.acheiweb.com.br /www/mangiare/administracao/include/PHP/FPDF/font/makefont iso-8859-2.map
2006.10.30 23:39 B E:\pages\acheiweb\mangiare\administracao\include\PHP\FPDF\font\makefont\iso-8859-4.map --> ftp.acheiweb.com.br /www/mangiare/administracao/include/PHP/FPDF/font/makefont iso-8859-4.map
2006.10.30 23:39 B E:\pages\acheiweb\mangiare\administracao\include\PHP\FPDF\font\makefont\iso-8859-5.map --> ftp.acheiweb.com.br /www/mangiare/administracao/include/PHP/FPDF/font/makefont iso-8859-5.map
2006.10.30 23:39 B E:\pages\acheiweb\mangiare\administracao\include\PHP\FPDF\font\makefont\iso-8859-7.map --> ftp.acheiweb.com.br /www/mangiare/administracao/include/PHP/FPDF/font/makefont iso-8859-7.map
2006.10.30 23:39 B E:\pages\acheiweb\mangiare\administracao\include\PHP\FPDF\font\makefont\iso-8859-9.map --> ftp.acheiweb.com.br /www/mangiare/administracao/include/PHP/FPDF/font/makefont iso-8859-9.map
2006.10.30 23:39 B E:\pages\acheiweb\mangiare\administracao\include\PHP\FPDF\font\makefont\koi8-r.map --> ftp.acheiweb.com.br /www/mangiare/administracao/include/PHP/FPDF/font/makefont koi8-r.map
2006.10.30 23:39 B E:\pages\acheiweb\mangiare\administracao\include\PHP\FPDF\font\makefont\koi8-u.map --> ftp.acheiweb.com.br /www/mangiare/administracao/include/PHP/FPDF/font/makefont koi8-u.map
2006.10.30 23:39 B E:\pages\acheiweb\mangiare\administracao\include\PHP\FPDF\font\makefont\makefont.php --> ftp.acheiweb.com.br /www/mangiare/administracao/include/PHP/FPDF/font/makefont makefont.php
2006.10.30 23:39 B E:\pages\acheiweb\mangiare\administracao\include\PHP\FPDF\font\makefont\WS_FTP.LOG --> ftp.acheiweb.com.br /www/mangiare/administracao/include/PHP/FPDF/font/makefont WS_FTP.LOG
